Start testing: Aug 19 06:46 UTC
----------------------------------------------------------
1/168 Testing: t_wrapping_ints_cmp
1/168 Test: t_wrapping_ints_cmp
Command: "/root/cs144/sponge/build/tests/wrapping_integers_cmp"
Directory: /root/cs144/sponge/build
"t_wrapping_ints_cmp" start time: Aug 19 06:46 UTC
Output:
----------------------------------------------------------
<end of output>
Test time =   0.00 sec
----------------------------------------------------------
Test Passed.
"t_wrapping_ints_cmp" end time: Aug 19 06:46 UTC
"t_wrapping_ints_cmp" time elapsed: 00:00:00
----------------------------------------------------------

2/168 Testing: t_wrapping_ints_unwrap
2/168 Test: t_wrapping_ints_unwrap
Command: "/root/cs144/sponge/build/tests/wrapping_integers_unwrap"
Directory: /root/cs144/sponge/build
"t_wrapping_ints_unwrap" start time: Aug 19 06:46 UTC
Output:
----------------------------------------------------------
<end of output>
Test time =   0.00 sec
----------------------------------------------------------
Test Passed.
"t_wrapping_ints_unwrap" end time: Aug 19 06:46 UTC
"t_wrapping_ints_unwrap" time elapsed: 00:00:00
----------------------------------------------------------

3/168 Testing: t_wrapping_ints_wrap
3/168 Test: t_wrapping_ints_wrap
Command: "/root/cs144/sponge/build/tests/wrapping_integers_wrap"
Directory: /root/cs144/sponge/build
"t_wrapping_ints_wrap" start time: Aug 19 06:46 UTC
Output:
----------------------------------------------------------
<end of output>
Test time =   0.00 sec
----------------------------------------------------------
Test Passed.
"t_wrapping_ints_wrap" end time: Aug 19 06:46 UTC
"t_wrapping_ints_wrap" time elapsed: 00:00:00
----------------------------------------------------------

4/168 Testing: t_wrapping_ints_roundtrip
4/168 Test: t_wrapping_ints_roundtrip
Command: "/root/cs144/sponge/build/tests/wrapping_integers_roundtrip"
Directory: /root/cs144/sponge/build
"t_wrapping_ints_roundtrip" start time: Aug 19 06:46 UTC
Output:
----------------------------------------------------------
<end of output>
Test time =   0.19 sec
----------------------------------------------------------
Test Passed.
"t_wrapping_ints_roundtrip" end time: Aug 19 06:46 UTC
"t_wrapping_ints_roundtrip" time elapsed: 00:00:00
----------------------------------------------------------

5/168 Testing: t_recv_connect
5/168 Test: t_recv_connect
Command: "/root/cs144/sponge/build/tests/recv_connect"
Directory: /root/cs144/sponge/build
"t_recv_connect" start time: Aug 19 06:46 UTC
Output:
----------------------------------------------------------
<end of output>
Test time =   0.00 sec
----------------------------------------------------------
Test Passed.
"t_recv_connect" end time: Aug 19 06:46 UTC
"t_recv_connect" time elapsed: 00:00:00
----------------------------------------------------------

6/168 Testing: t_recv_transmit
6/168 Test: t_recv_transmit
Command: "/root/cs144/sponge/build/tests/recv_transmit"
Directory: /root/cs144/sponge/build
"t_recv_transmit" start time: Aug 19 06:46 UTC
Output:
----------------------------------------------------------
<end of output>
Test time =   0.05 sec
----------------------------------------------------------
Test Passed.
"t_recv_transmit" end time: Aug 19 06:46 UTC
"t_recv_transmit" time elapsed: 00:00:00
----------------------------------------------------------

7/168 Testing: t_recv_window
7/168 Test: t_recv_window
Command: "/root/cs144/sponge/build/tests/recv_window"
Directory: /root/cs144/sponge/build
"t_recv_window" start time: Aug 19 06:46 UTC
Output:
----------------------------------------------------------
<end of output>
Test time =   0.00 sec
----------------------------------------------------------
Test Passed.
"t_recv_window" end time: Aug 19 06:46 UTC
"t_recv_window" time elapsed: 00:00:00
----------------------------------------------------------

8/168 Testing: t_recv_reorder
8/168 Test: t_recv_reorder
Command: "/root/cs144/sponge/build/tests/recv_reorder"
Directory: /root/cs144/sponge/build
"t_recv_reorder" start time: Aug 19 06:46 UTC
Output:
----------------------------------------------------------
<end of output>
Test time =   0.00 sec
----------------------------------------------------------
Test Passed.
"t_recv_reorder" end time: Aug 19 06:46 UTC
"t_recv_reorder" time elapsed: 00:00:00
----------------------------------------------------------

9/168 Testing: t_recv_close
9/168 Test: t_recv_close
Command: "/root/cs144/sponge/build/tests/recv_close"
Directory: /root/cs144/sponge/build
"t_recv_close" start time: Aug 19 06:46 UTC
Output:
----------------------------------------------------------
<end of output>
Test time =   0.00 sec
----------------------------------------------------------
Test Passed.
"t_recv_close" end time: Aug 19 06:46 UTC
"t_recv_close" time elapsed: 00:00:00
----------------------------------------------------------

10/168 Testing: t_recv_special
10/168 Test: t_recv_special
Command: "/root/cs144/sponge/build/tests/recv_special"
Directory: /root/cs144/sponge/build
"t_recv_special" start time: Aug 19 06:46 UTC
Output:
----------------------------------------------------------
<end of output>
Test time =   0.00 sec
----------------------------------------------------------
Test Passed.
"t_recv_special" end time: Aug 19 06:46 UTC
"t_recv_special" time elapsed: 00:00:00
----------------------------------------------------------

17/168 Testing: t_strm_reassem_single
17/168 Test: t_strm_reassem_single
Command: "/root/cs144/sponge/build/tests/fsm_stream_reassembler_single"
Directory: /root/cs144/sponge/build
"t_strm_reassem_single" start time: Aug 19 06:46 UTC
Output:
----------------------------------------------------------
<end of output>
Test time =   0.00 sec
----------------------------------------------------------
Test Passed.
"t_strm_reassem_single" end time: Aug 19 06:46 UTC
"t_strm_reassem_single" time elapsed: 00:00:00
----------------------------------------------------------

18/168 Testing: t_strm_reassem_seq
18/168 Test: t_strm_reassem_seq
Command: "/root/cs144/sponge/build/tests/fsm_stream_reassembler_seq"
Directory: /root/cs144/sponge/build
"t_strm_reassem_seq" start time: Aug 19 06:46 UTC
Output:
----------------------------------------------------------
<end of output>
Test time =   0.00 sec
----------------------------------------------------------
Test Passed.
"t_strm_reassem_seq" end time: Aug 19 06:46 UTC
"t_strm_reassem_seq" time elapsed: 00:00:00
----------------------------------------------------------

19/168 Testing: t_strm_reassem_dup
19/168 Test: t_strm_reassem_dup
Command: "/root/cs144/sponge/build/tests/fsm_stream_reassembler_dup"
Directory: /root/cs144/sponge/build
"t_strm_reassem_dup" start time: Aug 19 06:46 UTC
Output:
----------------------------------------------------------
<end of output>
Test time =   0.01 sec
----------------------------------------------------------
Test Passed.
"t_strm_reassem_dup" end time: Aug 19 06:46 UTC
"t_strm_reassem_dup" time elapsed: 00:00:00
----------------------------------------------------------

20/168 Testing: t_strm_reassem_holes
20/168 Test: t_strm_reassem_holes
Command: "/root/cs144/sponge/build/tests/fsm_stream_reassembler_holes"
Directory: /root/cs144/sponge/build
"t_strm_reassem_holes" start time: Aug 19 06:46 UTC
Output:
----------------------------------------------------------
<end of output>
Test time =   0.00 sec
----------------------------------------------------------
Test Passed.
"t_strm_reassem_holes" end time: Aug 19 06:46 UTC
"t_strm_reassem_holes" time elapsed: 00:00:00
----------------------------------------------------------

21/168 Testing: t_strm_reassem_many
21/168 Test: t_strm_reassem_many
Command: "/root/cs144/sponge/build/tests/fsm_stream_reassembler_many"
Directory: /root/cs144/sponge/build
"t_strm_reassem_many" start time: Aug 19 06:46 UTC
Output:
----------------------------------------------------------
string(d.cbegin(), d.cbegin() + 15) = ¯◊#∆¸Tï(Q | len = 15
string(d.cbegin(), d.cbegin() + 15) = "ÿ
§5∆†–÷UËB* | len = 15
string(d.cbegin(), d.cbegin() + 15) = ∆>kâ´?}éÅˇvÅﬁz | len = 15
string(d.cbegin(), d.cbegin() + 15) = ≈˛-iÚΩ0ÈÏy´Ó€Í | len = 15
string(d.cbegin(), d.cbegin() + 15) = √I#:ö¿¥F‹v‰÷K# | len = 15
string(d.cbegin(), d.cbegin() + 15) = *£‡E·<ÛﬂäÃôÉŒ3 | len = 15
string(d.cbegin(), d.cbegin() + 15) = ±ﬁ7˘ 9‹‰É•EÿÜÂw | len = 15
string(d.cbegin(), d.cbegin() + 15) = … ‰OVﬂâÉÂ⁄n…& | len = 15
string(d.cbegin(), d.cbegin() + 15) = ÆÚı.7ÖÑ^WÀö◊ | len = 15
string(d.cbegin(), d.cbegin() + 15) = ˚1ñY±[`^óÆw/ | len = 15
string(d.cbegin(), d.cbegin() + 15) = q€bÃ¿ê¬%@$ﬁÅÓq | len = 15
string(d.cbegin(), d.cbegin() + 15) = 
Œå$vúŸPÚ=N≈õÂ | len = 15
string(d.cbegin(), d.cbegin() + 15) = +°¢JÖ ØHv≤Û@g | len = 15
string(d.cbegin(), d.cbegin() + 15) = 	?p?ß+Ÿ!çO*π[ø | len = 15
string(d.cbegin(), d.cbegin() + 15) = ¶√Q˝5ÏáÒàπ¥J˛ÍF | len = 15
string(d.cbegin(), d.cbegin() + 15) = ê·ﬂkOsóê≤ízmQ | len = 15
string(d.cbegin(), d.cbegin() + 15) = ⁄ﬂƒ”¿ï+á!iß | len = 15
string(d.cbegin(), d.cbegin() + 15) = )ñ»◊ÚÃÇG-,∞- | len = 15
string(d.cbegin(), d.cbegin() + 15) = Ûs`ÎWıó˛üœgπ | len = 15
string(d.cbegin(), d.cbegin() + 15) = ∆
A>gCùèmmV
Js | len = 15
string(d.cbegin(), d.cbegin() + 15) = ’GxdûÓ{ßﬁxqn∑ó | len = 15
string(d.cbegin(), d.cbegin() + 15) = ªı”Q‹Gù˛˚ßôA | len = 15
string(d.cbegin(), d.cbegin() + 15) = õª{úmÌ–∂¯h~jïñ | len = 15
string(d.cbegin(), d.cbegin() + 15) = Ù
Y.j‘µﬁÑ„(∞ | len = 15
string(d.cbegin(), d.cbegin() + 15) = (˙©ØÅ7 
ı6|7< | len = 15
string(d.cbegin(), d.cbegin() + 15) = Û
:>-∏ë(irO∞:…D | len = 15
string(d.cbegin(), d.cbegin() + 15) = ¥Âòú\ ˙,V‹£’äO | len = 15
string(d.cbegin(), d.cbegin() + 15) = TÁ#ø^?HEπ≈8û | len = 15
string(d.cbegin(), d.cbegin() + 15) = T∑~S6\≈√‹≠Ym | len = 15
string(d.cbegin(), d.cbegin() + 15) = Ñ≥pPúAÅã#Dtøµ | len = 15
string(d.cbegin(), d.cbegin() + 15) = @¶+ Ç0¯Ö]ÀÆ$ÃW | len = 15
string(d.cbegin(), d.cbegin() + 15) = ¶î:áÍ~‰’»’ú¿ | len = 15
<end of output>
Test time =   0.10 sec
----------------------------------------------------------
Test Passed.
"t_strm_reassem_many" end time: Aug 19 06:46 UTC
"t_strm_reassem_many" time elapsed: 00:00:00
----------------------------------------------------------

22/168 Testing: t_strm_reassem_overlapping
22/168 Test: t_strm_reassem_overlapping
Command: "/root/cs144/sponge/build/tests/fsm_stream_reassembler_overlapping"
Directory: /root/cs144/sponge/build
"t_strm_reassem_overlapping" start time: Aug 19 06:46 UTC
Output:
----------------------------------------------------------
<end of output>
Test time =   0.00 sec
----------------------------------------------------------
Test Passed.
"t_strm_reassem_overlapping" end time: Aug 19 06:46 UTC
"t_strm_reassem_overlapping" time elapsed: 00:00:00
----------------------------------------------------------

23/168 Testing: t_strm_reassem_win
23/168 Test: t_strm_reassem_win
Command: "/root/cs144/sponge/build/tests/fsm_stream_reassembler_win"
Directory: /root/cs144/sponge/build
"t_strm_reassem_win" start time: Aug 19 06:46 UTC
Output:
----------------------------------------------------------
<end of output>
Test time =   0.10 sec
----------------------------------------------------------
Test Passed.
"t_strm_reassem_win" end time: Aug 19 06:46 UTC
"t_strm_reassem_win" time elapsed: 00:00:00
----------------------------------------------------------

24/168 Testing: t_strm_reassem_cap
24/168 Test: t_strm_reassem_cap
Command: "/root/cs144/sponge/build/tests/fsm_stream_reassembler_cap"
Directory: /root/cs144/sponge/build
"t_strm_reassem_cap" start time: Aug 19 06:46 UTC
Output:
----------------------------------------------------------
<end of output>
Test time =   0.09 sec
----------------------------------------------------------
Test Passed.
"t_strm_reassem_cap" end time: Aug 19 06:46 UTC
"t_strm_reassem_cap" time elapsed: 00:00:00
----------------------------------------------------------

25/168 Testing: t_byte_stream_construction
25/168 Test: t_byte_stream_construction
Command: "/root/cs144/sponge/build/tests/byte_stream_construction"
Directory: /root/cs144/sponge/build
"t_byte_stream_construction" start time: Aug 19 06:46 UTC
Output:
----------------------------------------------------------
<end of output>
Test time =   0.01 sec
----------------------------------------------------------
Test Passed.
"t_byte_stream_construction" end time: Aug 19 06:46 UTC
"t_byte_stream_construction" time elapsed: 00:00:00
----------------------------------------------------------

26/168 Testing: t_byte_stream_one_write
26/168 Test: t_byte_stream_one_write
Command: "/root/cs144/sponge/build/tests/byte_stream_one_write"
Directory: /root/cs144/sponge/build
"t_byte_stream_one_write" start time: Aug 19 06:46 UTC
Output:
----------------------------------------------------------
<end of output>
Test time =   0.00 sec
----------------------------------------------------------
Test Passed.
"t_byte_stream_one_write" end time: Aug 19 06:46 UTC
"t_byte_stream_one_write" time elapsed: 00:00:00
----------------------------------------------------------

27/168 Testing: t_byte_stream_two_writes
27/168 Test: t_byte_stream_two_writes
Command: "/root/cs144/sponge/build/tests/byte_stream_two_writes"
Directory: /root/cs144/sponge/build
"t_byte_stream_two_writes" start time: Aug 19 06:46 UTC
Output:
----------------------------------------------------------
<end of output>
Test time =   0.00 sec
----------------------------------------------------------
Test Passed.
"t_byte_stream_two_writes" end time: Aug 19 06:46 UTC
"t_byte_stream_two_writes" time elapsed: 00:00:00
----------------------------------------------------------

28/168 Testing: t_byte_stream_capacity
28/168 Test: t_byte_stream_capacity
Command: "/root/cs144/sponge/build/tests/byte_stream_capacity"
Directory: /root/cs144/sponge/build
"t_byte_stream_capacity" start time: Aug 19 06:46 UTC
Output:
----------------------------------------------------------
<end of output>
Test time =   0.54 sec
----------------------------------------------------------
Test Passed.
"t_byte_stream_capacity" end time: Aug 19 06:46 UTC
"t_byte_stream_capacity" time elapsed: 00:00:00
----------------------------------------------------------

29/168 Testing: t_byte_stream_many_writes
29/168 Test: t_byte_stream_many_writes
Command: "/root/cs144/sponge/build/tests/byte_stream_many_writes"
Directory: /root/cs144/sponge/build
"t_byte_stream_many_writes" start time: Aug 19 06:46 UTC
Output:
----------------------------------------------------------
<end of output>
Test time =   0.01 sec
----------------------------------------------------------
Test Passed.
"t_byte_stream_many_writes" end time: Aug 19 06:46 UTC
"t_byte_stream_many_writes" time elapsed: 00:00:00
----------------------------------------------------------

52/168 Testing: t_address_dt
52/168 Test: t_address_dt
Command: "/root/cs144/sponge/build/doctests/address_dt"
Directory: /root/cs144/sponge/build
"t_address_dt" start time: Aug 19 06:46 UTC
Output:
----------------------------------------------------------
<end of output>
Test time =   0.01 sec
----------------------------------------------------------
Test Passed.
"t_address_dt" end time: Aug 19 06:46 UTC
"t_address_dt" time elapsed: 00:00:00
----------------------------------------------------------

53/168 Testing: t_parser_dt
53/168 Test: t_parser_dt
Command: "/root/cs144/sponge/build/doctests/parser_dt"
Directory: /root/cs144/sponge/build
"t_parser_dt" start time: Aug 19 06:46 UTC
Output:
----------------------------------------------------------
<end of output>
Test time =   0.00 sec
----------------------------------------------------------
Test Passed.
"t_parser_dt" end time: Aug 19 06:46 UTC
"t_parser_dt" time elapsed: 00:00:00
----------------------------------------------------------

54/168 Testing: t_socket_dt
54/168 Test: t_socket_dt
Command: "/root/cs144/sponge/build/doctests/socket_dt"
Directory: /root/cs144/sponge/build
"t_socket_dt" start time: Aug 19 06:46 UTC
Output:
----------------------------------------------------------
<end of output>
Test time =   0.01 sec
----------------------------------------------------------
Test Passed.
"t_socket_dt" end time: Aug 19 06:46 UTC
"t_socket_dt" time elapsed: 00:00:00
----------------------------------------------------------

End testing: Aug 19 06:46 UTC
