Start testing: Aug 08 02:24 CST
----------------------------------------------------------
15/166 Testing: t_strm_reassem_single
15/166 Test: t_strm_reassem_single
Command: "/root/cs144/sponge/build/tests/fsm_stream_reassembler_single"
Directory: /root/cs144/sponge/build
"t_strm_reassem_single" start time: Aug 08 02:24 CST
Output:
----------------------------------------------------------
Test Failure on expectation:
	Expectation: at EOF

Failure message:
	The reassembler was expected to be at EOF, but was not

List of steps that executed successfully:
	Initialized (capacity = 65000)
	Action:      substring submitted with data "", index `0`, eof `1`
	Expectation: net bytes assembled = 0
	Expectation: stream_out().buffer_size() returned 0, and stream_out().read(0) returned the string ""

Exception: The reassembler was expected to be at EOF, but was not
<end of output>
Test time =   0.00 sec
----------------------------------------------------------
Test Failed.
"t_strm_reassem_single" end time: Aug 08 02:24 CST
"t_strm_reassem_single" time elapsed: 00:00:00
----------------------------------------------------------

16/166 Testing: t_strm_reassem_seq
16/166 Test: t_strm_reassem_seq
Command: "/root/cs144/sponge/build/tests/fsm_stream_reassembler_seq"
Directory: /root/cs144/sponge/build
"t_strm_reassem_seq" start time: Aug 08 02:24 CST
Output:
----------------------------------------------------------
<end of output>
Test time =   0.00 sec
----------------------------------------------------------
Test Passed.
"t_strm_reassem_seq" end time: Aug 08 02:24 CST
"t_strm_reassem_seq" time elapsed: 00:00:00
----------------------------------------------------------

17/166 Testing: t_strm_reassem_dup
17/166 Test: t_strm_reassem_dup
Command: "/root/cs144/sponge/build/tests/fsm_stream_reassembler_dup"
Directory: /root/cs144/sponge/build
"t_strm_reassem_dup" start time: Aug 08 02:24 CST
Output:
----------------------------------------------------------
<end of output>
Test time =   0.01 sec
----------------------------------------------------------
Test Passed.
"t_strm_reassem_dup" end time: Aug 08 02:24 CST
"t_strm_reassem_dup" time elapsed: 00:00:00
----------------------------------------------------------

18/166 Testing: t_strm_reassem_holes
18/166 Test: t_strm_reassem_holes
Command: "/root/cs144/sponge/build/tests/fsm_stream_reassembler_holes"
Directory: /root/cs144/sponge/build
"t_strm_reassem_holes" start time: Aug 08 02:24 CST
Output:
----------------------------------------------------------
Test Failure on expectation:
	Expectation: net bytes assembled = 4

Failure message:
	The reassembler was expected to have `4` total bytes assembled, but there were `2`

List of steps that executed successfully:
	Initialized (capacity = 65000)
	Action:      substring submitted with data "b", index `1`, eof `0`
	Expectation: net bytes assembled = 0
	Expectation: stream_out().buffer_size() returned 0, and stream_out().read(0) returned the string ""
	Expectation: not at EOF
	Action:      substring submitted with data "d", index `3`, eof `0`
	Expectation: net bytes assembled = 0
	Expectation: stream_out().buffer_size() returned 0, and stream_out().read(0) returned the string ""
	Expectation: not at EOF
	Action:      substring submitted with data "c", index `2`, eof `0`
	Expectation: net bytes assembled = 0
	Expectation: stream_out().buffer_size() returned 0, and stream_out().read(0) returned the string ""
	Expectation: not at EOF
	Action:      substring submitted with data "a", index `0`, eof `0`

Exception: The reassembler was expected to have `4` total bytes assembled, but there were `2`
<end of output>
Test time =   0.00 sec
----------------------------------------------------------
Test Failed.
"t_strm_reassem_holes" end time: Aug 08 02:24 CST
"t_strm_reassem_holes" time elapsed: 00:00:00
----------------------------------------------------------

19/166 Testing: t_strm_reassem_many
19/166 Test: t_strm_reassem_many
Command: "/root/cs144/sponge/build/tests/fsm_stream_reassembler_many"
Directory: /root/cs144/sponge/build
"t_strm_reassem_many" start time: Aug 08 02:24 CST
Output:
----------------------------------------------------------
Exception: basic_string::substr: __pos (which is 11367) > this->size() (which is 34)
<end of output>
Test time =   0.05 sec
----------------------------------------------------------
Test Failed.
"t_strm_reassem_many" end time: Aug 08 02:24 CST
"t_strm_reassem_many" time elapsed: 00:00:00
----------------------------------------------------------

20/166 Testing: t_strm_reassem_overlapping
20/166 Test: t_strm_reassem_overlapping
Command: "/root/cs144/sponge/build/tests/fsm_stream_reassembler_overlapping"
Directory: /root/cs144/sponge/build
"t_strm_reassem_overlapping" start time: Aug 08 02:24 CST
Output:
----------------------------------------------------------
Test Failure on expectation:
	Expectation: bytes not assembled = 0

Failure message:
	The reassembler was expected to have `0` bytes not assembled, but there were `1`

List of steps that executed successfully:
	Initialized (capacity = 1000)
	Action:      substring submitted with data "b", index `1`, eof `0`
	Expectation: stream_out().buffer_size() returned 0, and stream_out().read(0) returned the string ""
	Action:      substring submitted with data "ab", index `0`, eof `0`
	Expectation: stream_out().buffer_size() returned 2, and stream_out().read(2) returned the string "ab"

Exception: The reassembler was expected to have `0` bytes not assembled, but there were `1`
<end of output>
Test time =   0.00 sec
----------------------------------------------------------
Test Failed.
"t_strm_reassem_overlapping" end time: Aug 08 02:24 CST
"t_strm_reassem_overlapping" time elapsed: 00:00:00
----------------------------------------------------------

21/166 Testing: t_strm_reassem_win
21/166 Test: t_strm_reassem_win
Command: "/root/cs144/sponge/build/tests/fsm_stream_reassembler_win"
Directory: /root/cs144/sponge/build
"t_strm_reassem_win" start time: Aug 08 02:24 CST
Output:
----------------------------------------------------------
Exception: basic_string::substr: __pos (which is 7573) > this->size() (which is 1977)
<end of output>
Test time =   0.00 sec
----------------------------------------------------------
Test Failed.
"t_strm_reassem_win" end time: Aug 08 02:24 CST
"t_strm_reassem_win" time elapsed: 00:00:00
----------------------------------------------------------

22/166 Testing: t_strm_reassem_cap
22/166 Test: t_strm_reassem_cap
Command: "/root/cs144/sponge/build/tests/fsm_stream_reassembler_cap"
Directory: /root/cs144/sponge/build
"t_strm_reassem_cap" start time: Aug 08 02:24 CST
Output:
----------------------------------------------------------
<end of output>
Test time =   0.10 sec
----------------------------------------------------------
Test Passed.
"t_strm_reassem_cap" end time: Aug 08 02:24 CST
"t_strm_reassem_cap" time elapsed: 00:00:00
----------------------------------------------------------

23/166 Testing: t_byte_stream_construction
23/166 Test: t_byte_stream_construction
Command: "/root/cs144/sponge/build/tests/byte_stream_construction"
Directory: /root/cs144/sponge/build
"t_byte_stream_construction" start time: Aug 08 02:24 CST
Output:
----------------------------------------------------------
<end of output>
Test time =   0.00 sec
----------------------------------------------------------
Test Passed.
"t_byte_stream_construction" end time: Aug 08 02:24 CST
"t_byte_stream_construction" time elapsed: 00:00:00
----------------------------------------------------------

24/166 Testing: t_byte_stream_one_write
24/166 Test: t_byte_stream_one_write
Command: "/root/cs144/sponge/build/tests/byte_stream_one_write"
Directory: /root/cs144/sponge/build
"t_byte_stream_one_write" start time: Aug 08 02:24 CST
Output:
----------------------------------------------------------
<end of output>
Test time =   0.01 sec
----------------------------------------------------------
Test Passed.
"t_byte_stream_one_write" end time: Aug 08 02:24 CST
"t_byte_stream_one_write" time elapsed: 00:00:00
----------------------------------------------------------

25/166 Testing: t_byte_stream_two_writes
25/166 Test: t_byte_stream_two_writes
Command: "/root/cs144/sponge/build/tests/byte_stream_two_writes"
Directory: /root/cs144/sponge/build
"t_byte_stream_two_writes" start time: Aug 08 02:24 CST
Output:
----------------------------------------------------------
<end of output>
Test time =   0.00 sec
----------------------------------------------------------
Test Passed.
"t_byte_stream_two_writes" end time: Aug 08 02:24 CST
"t_byte_stream_two_writes" time elapsed: 00:00:00
----------------------------------------------------------

26/166 Testing: t_byte_stream_capacity
26/166 Test: t_byte_stream_capacity
Command: "/root/cs144/sponge/build/tests/byte_stream_capacity"
Directory: /root/cs144/sponge/build
"t_byte_stream_capacity" start time: Aug 08 02:24 CST
Output:
----------------------------------------------------------
<end of output>
Test time =   0.56 sec
----------------------------------------------------------
Test Passed.
"t_byte_stream_capacity" end time: Aug 08 02:24 CST
"t_byte_stream_capacity" time elapsed: 00:00:00
----------------------------------------------------------

27/166 Testing: t_byte_stream_many_writes
27/166 Test: t_byte_stream_many_writes
Command: "/root/cs144/sponge/build/tests/byte_stream_many_writes"
Directory: /root/cs144/sponge/build
"t_byte_stream_many_writes" start time: Aug 08 02:24 CST
Output:
----------------------------------------------------------
<end of output>
Test time =   0.01 sec
----------------------------------------------------------
Test Passed.
"t_byte_stream_many_writes" end time: Aug 08 02:24 CST
"t_byte_stream_many_writes" time elapsed: 00:00:00
----------------------------------------------------------

50/166 Testing: t_address_dt
50/166 Test: t_address_dt
Command: "/root/cs144/sponge/build/doctests/address_dt"
Directory: /root/cs144/sponge/build
"t_address_dt" start time: Aug 08 02:24 CST
Output:
----------------------------------------------------------
<end of output>
Test time =   0.01 sec
----------------------------------------------------------
Test Passed.
"t_address_dt" end time: Aug 08 02:24 CST
"t_address_dt" time elapsed: 00:00:00
----------------------------------------------------------

51/166 Testing: t_parser_dt
51/166 Test: t_parser_dt
Command: "/root/cs144/sponge/build/doctests/parser_dt"
Directory: /root/cs144/sponge/build
"t_parser_dt" start time: Aug 08 02:24 CST
Output:
----------------------------------------------------------
<end of output>
Test time =   0.00 sec
----------------------------------------------------------
Test Passed.
"t_parser_dt" end time: Aug 08 02:24 CST
"t_parser_dt" time elapsed: 00:00:00
----------------------------------------------------------

52/166 Testing: t_socket_dt
52/166 Test: t_socket_dt
Command: "/root/cs144/sponge/build/doctests/socket_dt"
Directory: /root/cs144/sponge/build
"t_socket_dt" start time: Aug 08 02:24 CST
Output:
----------------------------------------------------------
<end of output>
Test time =   0.01 sec
----------------------------------------------------------
Test Passed.
"t_socket_dt" end time: Aug 08 02:24 CST
"t_socket_dt" time elapsed: 00:00:00
----------------------------------------------------------

End testing: Aug 08 02:24 CST
