Start testing: Aug 17 19:00 CST
----------------------------------------------------------
Unable to find executable: /root/cs144/sponge/build/tests/wrapping_integers_cmp
1/168 Testing: t_wrapping_ints_cmp
1/168 Test: t_wrapping_ints_cmp
Command: ""
Directory: /root/cs144/sponge/build
"t_wrapping_ints_cmp" start time: 
Output:
----------------------------------------------------------
<end of output>
Test time =   0.00 sec
----------------------------------------------------------
Test Passed.
"t_wrapping_ints_cmp" end time: Aug 17 19:00 CST
"t_wrapping_ints_cmp" time elapsed: 00:00:00
----------------------------------------------------------

Unable to find executable: /root/cs144/sponge/build/tests/wrapping_integers_unwrap
2/168 Testing: t_wrapping_ints_unwrap
2/168 Test: t_wrapping_ints_unwrap
Command: ""
Directory: /root/cs144/sponge/build
"t_wrapping_ints_unwrap" start time: 
Output:
----------------------------------------------------------
<end of output>
Test time =   0.00 sec
----------------------------------------------------------
Test Passed.
"t_wrapping_ints_unwrap" end time: Aug 17 19:00 CST
"t_wrapping_ints_unwrap" time elapsed: 00:00:00
----------------------------------------------------------

Unable to find executable: /root/cs144/sponge/build/tests/wrapping_integers_wrap
3/168 Testing: t_wrapping_ints_wrap
3/168 Test: t_wrapping_ints_wrap
Command: ""
Directory: /root/cs144/sponge/build
"t_wrapping_ints_wrap" start time: 
Output:
----------------------------------------------------------
<end of output>
Test time =   0.00 sec
----------------------------------------------------------
Test Passed.
"t_wrapping_ints_wrap" end time: Aug 17 19:00 CST
"t_wrapping_ints_wrap" time elapsed: 00:00:00
----------------------------------------------------------

Unable to find executable: /root/cs144/sponge/build/tests/wrapping_integers_roundtrip
4/168 Testing: t_wrapping_ints_roundtrip
4/168 Test: t_wrapping_ints_roundtrip
Command: ""
Directory: /root/cs144/sponge/build
"t_wrapping_ints_roundtrip" start time: 
Output:
----------------------------------------------------------
<end of output>
Test time =   0.00 sec
----------------------------------------------------------
Test Passed.
"t_wrapping_ints_roundtrip" end time: Aug 17 19:00 CST
"t_wrapping_ints_roundtrip" time elapsed: 00:00:00
----------------------------------------------------------

End testing: Aug 17 19:00 CST
