[100%] Testing the TCP connection...
Test project /home/bc/cs144/sponge/build
        Start   1: t_wrapping_ints_cmp
  1/162 Test   #1: t_wrapping_ints_cmp ..............   Passed    0.00 sec
        Start   2: t_wrapping_ints_unwrap
  2/162 Test   #2: t_wrapping_ints_unwrap ...........   Passed    0.01 sec
        Start   3: t_wrapping_ints_wrap
  3/162 Test   #3: t_wrapping_ints_wrap .............   Passed    0.01 sec
        Start   4: t_wrapping_ints_roundtrip
  4/162 Test   #4: t_wrapping_ints_roundtrip ........   Passed    0.26 sec
        Start   5: t_recv_connect
  5/162 Test   #5: t_recv_connect ...................   Passed    0.01 sec
        Start   6: t_recv_transmit
  6/162 Test   #6: t_recv_transmit ..................   Passed    0.06 sec
        Start   7: t_recv_window
  7/162 Test   #7: t_recv_window ....................   Passed    0.01 sec
        Start   8: t_recv_reorder
  8/162 Test   #8: t_recv_reorder ...................   Passed    0.01 sec
        Start   9: t_recv_close
  9/162 Test   #9: t_recv_close .....................   Passed    0.01 sec
        Start  10: t_recv_special
 10/162 Test  #10: t_recv_special ...................   Passed    0.01 sec
        Start  11: t_send_connect
 11/162 Test  #11: t_send_connect ...................   Passed    0.01 sec
        Start  12: t_send_transmit
 12/162 Test  #12: t_send_transmit ..................   Passed    0.06 sec
        Start  13: t_send_retx
 13/162 Test  #13: t_send_retx ......................   Passed    0.01 sec
        Start  14: t_send_window
 14/162 Test  #14: t_send_window ....................   Passed    0.04 sec
        Start  15: t_send_ack
 15/162 Test  #15: t_send_ack .......................   Passed    0.01 sec
        Start  16: t_send_close
 16/162 Test  #16: t_send_close .....................   Passed    0.01 sec
        Start  17: t_send_extra
 17/162 Test  #17: t_send_extra .....................   Passed    0.01 sec
        Start  18: t_strm_reassem_single
 18/162 Test  #18: t_strm_reassem_single ............   Passed    0.01 sec
        Start  19: t_strm_reassem_seq
 19/162 Test  #19: t_strm_reassem_seq ...............   Passed    0.01 sec
        Start  20: t_strm_reassem_dup
 20/162 Test  #20: t_strm_reassem_dup ...............   Passed    0.01 sec
        Start  21: t_strm_reassem_holes
 21/162 Test  #21: t_strm_reassem_holes .............   Passed    0.01 sec
        Start  22: t_strm_reassem_many
 22/162 Test  #22: t_strm_reassem_many ..............   Passed    0.27 sec
        Start  23: t_strm_reassem_overlapping
 23/162 Test  #23: t_strm_reassem_overlapping .......   Passed    0.01 sec
        Start  24: t_strm_reassem_win
 24/162 Test  #24: t_strm_reassem_win ...............   Passed    0.23 sec
        Start  25: t_strm_reassem_cap
 25/162 Test  #25: t_strm_reassem_cap ...............   Passed    0.12 sec
        Start  26: t_byte_stream_construction
 26/162 Test  #26: t_byte_stream_construction .......   Passed    0.01 sec
        Start  27: t_byte_stream_one_write
 27/162 Test  #27: t_byte_stream_one_write ..........   Passed    0.01 sec
        Start  28: t_byte_stream_two_writes
 28/162 Test  #28: t_byte_stream_two_writes .........   Passed    0.01 sec
        Start  29: t_byte_stream_capacity
 29/162 Test  #29: t_byte_stream_capacity ...........   Passed    0.56 sec
        Start  30: t_byte_stream_many_writes
 30/162 Test  #30: t_byte_stream_many_writes ........   Passed    0.01 sec
        Start  31: t_webget
 31/162 Test  #31: t_webget .........................   Passed    1.37 sec
        Start  34: t_tcp_parser
 32/162 Test  #34: t_tcp_parser .....................   Passed    0.02 sec
        Start  35: t_ipv4_parser
 33/162 Test  #35: t_ipv4_parser ....................   Passed    0.02 sec
        Start  36: t_active_close
 34/162 Test  #36: t_active_close ...................***Failed    0.01 sec
Test Failure on expectation:
	Expectation: exactly one segment sent with (A=1,R=0,S=0,F=0,ackno=1,payload_size=0,)

Failure message:
	The TCP produced a segment with `syn = 1`, but syn was expected to be `0`

List of steps that executed successfully:
	Action:      connect
	Expectation: exactly one segment sent with (A=0,R=0,S=1,F=0,seqno=0,payload_size=0,)
	Action:      packet arrives: Header(flags=SA,seqno=0,ack=1,win=137) with no payload

Warning: Unclean shutdown of TCPConnection
The TCP produced a segment with `syn = 1`, but syn was expected to be `0`

        Start  37: t_passive_close
 35/162 Test  #37: t_passive_close ..................***Failed    0.03 sec
Test Failure on expectation:
	Expectation: exactly one segment sent with (A=1,R=0,S=0,F=0,ackno=1,payload_size=0,)

Failure message:
	The TCP produced a segment with `syn = 1`, but syn was expected to be `0`

List of steps that executed successfully:
	Action:      connect
	Expectation: exactly one segment sent with (A=0,R=0,S=1,F=0,seqno=0,payload_size=0,)
	Action:      packet arrives: Header(flags=SA,seqno=0,ack=1,win=137) with no payload

Warning: Unclean shutdown of TCPConnection
The TCP produced a segment with `syn = 1`, but syn was expected to be `0`

        Start  38: t_ack_rst
 36/162 Test  #38: t_ack_rst ........................***Failed    0.02 sec
Test 1
Test Failure on expectation:
	Expectation: exactly one segment sent with (A=1,R=0,S=0,F=0,ackno=2147483648,payload_size=0,)

Failure message:
	The TCP produced a segment with `syn = 1`, but syn was expected to be `0`

List of steps that executed successfully:
	Action:      connect
	Expectation: exactly one segment sent with (A=0,R=0,S=1,F=0,seqno=2147483647,payload_size=0,)
	Action:      packet arrives: Header(flags=SA,seqno=2147483647,ack=2147483648,win=137) with no payload

Warning: Unclean shutdown of TCPConnection
The TCP produced a segment with `syn = 1`, but syn was expected to be `0`

        Start  39: t_ack_rst_win
 37/162 Test  #39: t_ack_rst_win ....................***Failed    0.01 sec
Test Failure on expectation:
	Expectation: exactly one segment sent with (A=1,R=0,S=0,F=0,ackno=2147483648,payload_size=0,)

Failure message:
	The TCP produced a segment with `syn = 1`, but syn was expected to be `0`

List of steps that executed successfully:
	Action:      connect
	Expectation: exactly one segment sent with (A=0,R=0,S=1,F=0,seqno=2147483647,payload_size=0,)
	Action:      packet arrives: Header(flags=SA,seqno=2147483647,ack=2147483648,win=137) with no payload

Warning: Unclean shutdown of TCPConnection
The TCP produced a segment with `syn = 1`, but syn was expected to be `0`

        Start  40: t_connect
 38/162 Test  #40: t_connect ........................***Failed    0.01 sec
Test Failure on expectation:
	Expectation: exactly one segment sent with (A=1,S=0,ackno=984666926,)

Failure message:
	The TCP produced a segment with `syn = 1`, but syn was expected to be `0`

List of steps that executed successfully:
	Action:      connect
	Action:      1ms pass
	Expectation: exactly one segment sent with (A=0,S=1,)
	Expectation: TCP in state sender=`stream started but nothing acknowledged`, receiver=`waiting for SYN: ackno is empty`, active=1, linger_after_streams_finish=1
	Action:      packet arrives: Header(flags=SA,seqno=984666925,ack=2786491780,win=137) with no payload
	Action:      1ms pass
	Expectation: TCP in state sender=`stream ongoing`, receiver=`SYN received (ackno exists), and input to stream hasn't ended`, active=1, linger_after_streams_finish=1

Warning: Unclean shutdown of TCPConnection
The TCP produced a segment with `syn = 1`, but syn was expected to be `0`

        Start  41: t_listen
 39/162 Test  #41: t_listen .........................   Passed    0.02 sec
        Start  42: t_winsize
 40/162 Test  #42: t_winsize ........................***Failed    0.02 sec
Test Failure on expectation:
	Action:      write (84296 bytes with 84296 accepted) [ea, a1, 99, f9, 49, 2d, b5, 8a, 9a, 36, 48, a2, f0, 32, 5f, 88, ...]

Failure message:
	84296 bytes should have been written but 0 were

List of steps that executed successfully:
	Action:      listen
	Action:      packet arrives: Header(flags=S,seqno=875864334,ack=0,win=137) with no payload
	Expectation: exactly one segment sent with (A=1,ackno=875864335,win=23983,)
	Action:      packet arrives: Header(flags=A,seqno=875864335,ack=1441759860,win=21074) with no payload
	Expectation: no (more) segments sent
	Expectation: TCP in state sender=`stream ongoing`, receiver=`SYN received (ackno exists), and input to stream hasn't ended`, active=1, linger_after_streams_finish=1

Warning: Unclean shutdown of TCPConnection
84296 bytes should have been written but 0 were

        Start  43: t_retx
 41/162 Test  #43: t_retx ...........................***Failed    0.02 sec
Test Failure on expectation:
	Expectation: exactly one segment sent with (A=1,R=0,S=0,F=0,ackno=3342602310,payload_size=0,)

Failure message:
	The TCP produced a segment with `syn = 1`, but syn was expected to be `0`

List of steps that executed successfully:
	Action:      connect
	Expectation: exactly one segment sent with (A=0,R=0,S=1,F=0,seqno=3342602309,payload_size=0,)
	Action:      packet arrives: Header(flags=SA,seqno=3342602309,ack=3342602310,win=137) with no payload

Warning: Unclean shutdown of TCPConnection
The TCP produced a segment with `syn = 1`, but syn was expected to be `0`

        Start  44: t_retx_win
 42/162 Test  #44: t_retx_win .......................***Failed    0.02 sec
Test Failure on expectation:
	Expectation: exactly one segment sent with (A=1,R=0,S=0,F=0,ackno=2672876012,payload_size=0,)

Failure message:
	The TCP produced a segment with `syn = 1`, but syn was expected to be `0`

List of steps that executed successfully:
	Action:      connect
	Expectation: exactly one segment sent with (A=0,R=0,S=1,F=0,seqno=2672876011,payload_size=0,)
	Action:      packet arrives: Header(flags=SA,seqno=2672876011,ack=2672876012,win=137) with no payload

Warning: Unclean shutdown of TCPConnection
The TCP produced a segment with `syn = 1`, but syn was expected to be `0`

        Start  45: t_loopback
 43/162 Test  #45: t_loopback .......................***Failed    0.02 sec
Test Failure on expectation:
	Expectation: exactly one segment sent with (A=1,R=0,S=0,F=0,ackno=4180772103,payload_size=0,)

Failure message:
	The TCP produced a segment with `syn = 1`, but syn was expected to be `0`

List of steps that executed successfully:
	Action:      connect
	Expectation: exactly one segment sent with (A=0,R=0,S=1,F=0,seqno=4180772102,payload_size=0,)
	Action:      packet arrives: Header(flags=SA,seqno=4180772102,ack=4180772103,win=137) with no payload

Warning: Unclean shutdown of TCPConnection
The TCP produced a segment with `syn = 1`, but syn was expected to be `0`

        Start  46: t_loopback_win
 44/162 Test  #46: t_loopback_win ...................***Failed    0.02 sec
Test Failure on expectation:
	Expectation: exactly one segment sent with (A=1,R=0,S=0,F=0,ackno=2030277987,payload_size=0,)

Failure message:
	The TCP produced a segment with `syn = 1`, but syn was expected to be `0`

List of steps that executed successfully:
	Action:      connect
	Expectation: exactly one segment sent with (A=0,R=0,S=1,F=0,seqno=2030277986,payload_size=0,)
	Action:      packet arrives: Header(flags=SA,seqno=2030277986,ack=2030277987,win=137) with no payload

Warning: Unclean shutdown of TCPConnection
The TCP produced a segment with `syn = 1`, but syn was expected to be `0`

        Start  47: t_reorder
 45/162 Test  #47: t_reorder ........................***Failed    0.02 sec
Test Failure on expectation:
	Expectation: exactly one segment sent with (A=1,R=0,S=0,F=0,ackno=997566785,payload_size=0,)

Failure message:
	The TCP produced a segment with `syn = 1`, but syn was expected to be `0`

List of steps that executed successfully:
	Action:      connect
	Expectation: exactly one segment sent with (A=0,R=0,S=1,F=0,seqno=3070524676,payload_size=0,)
	Action:      packet arrives: Header(flags=SA,seqno=997566784,ack=3070524677,win=137) with no payload

Warning: Unclean shutdown of TCPConnection
The TCP produced a segment with `syn = 1`, but syn was expected to be `0`

        Start  48: t_address_dt
 46/162 Test  #48: t_address_dt .....................   Passed    0.01 sec
        Start  49: t_parser_dt
 47/162 Test  #49: t_parser_dt ......................   Passed    0.01 sec
        Start  50: t_socket_dt
 48/162 Test  #50: t_socket_dt ......................   Passed    0.01 sec
        Start  51: t_udp_client_send
 49/162 Test  #51: t_udp_client_send ................***Failed    0.61 sec
DEBUG: Listening for incoming connection... DEBUG: Connecting to 169.254.144.1:20622... done.
Exception in TCPConnection runner thread: TCPConnection::write() accepted less than advertised length
terminate called after throwing an instance of 'std::exception'
  what():  std::exception
/home/bc/cs144/sponge/txrx.sh: line 110:  7262 Aborted                 (core dumped) $3 $4 ${SERVER_PORT} > "$1" < "$2"
Error in _rt_connect

        Start  52: t_udp_server_send
 50/162 Test  #52: t_udp_server_send ................***Timeout  10.01 sec
DEBUG: Listening for incoming connection... DEBUG: Connecting to 169.254.144.1:24776... done.
DEBUG: Outbound stream to 169.254.144.1:24776 finished (0 bytes still in flight).
new connection from 169.254.144.1:60677.
Exception in TCPConnection runner thread: TCPConnection::write() accepted less than advertised length
terminate called after throwing an instance of 'std::exception'
  what():  std::exception

        Start  53: t_udp_client_recv
 51/162 Test  #53: t_udp_client_recv ................***Timeout  10.00 sec
DEBUG: Listening for incoming connection... DEBUG: Connecting to 169.254.144.1:20866... done.
DEBUG: Outbound stream to 169.254.144.1:20866 finished (0 bytes still in flight).
new connection from 169.254.144.1:54012.
Exception in TCPConnection runner thread: TCPConnection::write() accepted less than advertised length
terminate called after throwing an instance of 'std::exception'
  what():  std::exception

        Start  54: t_udp_server_recv
 52/162 Test  #54: t_udp_server_recv ................***Failed    0.35 sec
DEBUG: Listening for incoming connection... DEBUG: Connecting to 169.254.144.1:28024... done.
Exception in TCPConnection runner thread: TCPConnection::write() accepted less than advertised length
terminate called after throwing an instance of 'std::exception'
  what():  std::exception
/home/bc/cs144/sponge/txrx.sh: line 110:  7390 Aborted                 (core dumped) $3 $4 ${SERVER_PORT} > "$1" < "$2"
Error in _rt_connect

        Start  55: t_udp_client_dupl
 53/162 Test  #55: t_udp_client_dupl ................***Failed    0.31 sec
DEBUG: Listening for incoming connection... DEBUG: Connecting to 169.254.144.1:29600... done.
Exception in TCPConnection runner thread: TCPConnection::write() accepted less than advertised length
terminate called after throwing an instance of 'std::exception'
  what():  std::exception
/home/bc/cs144/sponge/txrx.sh: line 110:  7409 Aborted                 (core dumped) $3 $4 ${SERVER_PORT} > "$1" < "$2"
Error in _rt_connect

        Start  56: t_udp_server_dupl
 54/162 Test  #56: t_udp_server_dupl ................***Failed    0.32 sec
DEBUG: Listening for incoming connection... DEBUG: Connecting to 169.254.144.1:5357... done.
Exception in TCPConnection runner thread: TCPConnection::write() accepted less than advertised length
terminate called after throwing an instance of 'std::exception'
  what():  std::exception
/home/bc/cs144/sponge/txrx.sh: line 110:  7428 Aborted                 (core dumped) $3 $4 ${SERVER_PORT} > "$1" < "$2"
Error in _rt_connect

        Start  57: t_ucS_1M_32k
 55/162 Test  #57: t_ucS_1M_32k .....................***Failed    0.32 sec
DEBUG: Listening for incoming connection... DEBUG: Connecting to 169.254.144.1:18214... done.
new connection from 169.254.144.1:37490.
DEBUG: Outbound stream to 169.254.144.1:37490 finished (0 bytes still in flight).
Exception in TCPConnection runner thread: TCPConnection::write() accepted less than advertised length
terminate called after throwing an instance of 'std::exception'
  what():  std::exception
/home/bc/cs144/sponge/txrx.sh: line 110:  7448 Aborted                 (core dumped) $3 $4 ${SERVER_PORT} > "$1" < "$2"
Error in _rt_connect

        Start  58: t_ucS_128K_8K
 56/162 Test  #58: t_ucS_128K_8K ....................***Failed    0.36 sec
DEBUG: Listening for incoming connection... DEBUG: Connecting to 169.254.144.1:19446... done.
Exception in TCPConnection runner thread: TCPConnection::write() accepted less than advertised length
terminate called after throwing an instance of 'std::exception'
  what():  std::exception
/home/bc/cs144/sponge/txrx.sh: line 110:  7469 Aborted                 (core dumped) $3 $4 ${SERVER_PORT} > "$1" < "$2"
Error in _rt_connect

        Start  59: t_ucS_16_1
 57/162 Test  #59: t_ucS_16_1 .......................***Failed    0.42 sec
DEBUG: Listening for incoming connection... DEBUG: Connecting to 169.254.144.1:20471... done.
Exception in TCPConnection runner thread: TCPConnection::write() accepted less than advertised length
terminate called after throwing an instance of 'std::exception'
  what():  std::exception
/home/bc/cs144/sponge/txrx.sh: line 110:  7489 Aborted                 (core dumped) $3 $4 ${SERVER_PORT} > "$1" < "$2"
Error in _rt_connect

        Start  60: t_ucS_32K_d
 58/162 Test  #60: t_ucS_32K_d ......................***Failed    0.32 sec
DEBUG: Listening for incoming connection... DEBUG: Connecting to 169.254.144.1:33286... done.
Exception in TCPConnection runner thread: TCPConnection::write() accepted less than advertised length
terminate called after throwing an instance of 'std::exception'
  what():  std::exception
/home/bc/cs144/sponge/txrx.sh: line 110:  7514 Aborted                 (core dumped) $3 $4 ${SERVER_PORT} > "$1" < "$2"
Error in _rt_connect

        Start  61: t_ucR_1M_32k
 59/162 Test  #61: t_ucR_1M_32k .....................***Timeout  10.00 sec
DEBUG: Listening for incoming connection... DEBUG: Connecting to 169.254.144.1:23836... done.
DEBUG: Outbound stream to 169.254.144.1:23836 finished (0 bytes still in flight).
new connection from 169.254.144.1:57235.
Exception in TCPConnection runner thread: TCPConnection::write() accepted less than advertised length
terminate called after throwing an instance of 'std::exception'
  what():  std::exception

        Start  62: t_ucR_128K_8K
 60/162 Test  #62: t_ucR_128K_8K ....................***Timeout  10.00 sec
DEBUG: Listening for incoming connection... DEBUG: Connecting to 169.254.144.1:16835... done.
DEBUG: Outbound stream to 169.254.144.1:16835 finished (0 bytes still in flight).
new connection from 169.254.144.1:54452.
Exception in TCPConnection runner thread: TCPConnection::write() accepted less than advertised length
terminate called after throwing an instance of 'std::exception'
  what():  std::exception

        Start  63: t_ucR_16_1
 61/162 Test  #63: t_ucR_16_1 .......................***Timeout  10.01 sec
DEBUG: Listening for incoming connection... DEBUG: Connecting to 169.254.144.1:19247... done.
DEBUG: Outbound stream to 169.254.144.1:19247 finished (0 bytes still in flight).
new connection from 169.254.144.1:48588.
Exception in TCPConnection runner thread: TCPConnection::write() accepted less than advertised length
terminate called after throwing an instance of 'std::exception'
  what():  std::exception

        Start  64: t_ucR_32K_d
 62/162 Test  #64: t_ucR_32K_d ......................***Timeout  10.00 sec
DEBUG: Listening for incoming connection... DEBUG: Connecting to 169.254.144.1:9130... done.
DEBUG: Outbound stream to 169.254.144.1:9130 finished (0 bytes still in flight).
new connection from 169.254.144.1:56040.
Exception in TCPConnection runner thread: TCPConnection::write() accepted less than advertised length
terminate called after throwing an instance of 'std::exception'
  what():  std::exception

        Start  65: t_ucD_1M_32k
 63/162 Test  #65: t_ucD_1M_32k .....................***Failed    0.36 sec
DEBUG: Listening for incoming connection... DEBUG: Connecting to 169.254.144.1:27348... done.
Exception in TCPConnection runner thread: TCPConnection::write() accepted less than advertised length
terminate called after throwing an instance of 'std::exception'
  what():  std::exception
/home/bc/cs144/sponge/txrx.sh: line 110:  7754 Aborted                 (core dumped) $3 $4 ${SERVER_PORT} > "$1" < "$2"
Error in _rt_connect

        Start  66: t_ucD_128K_8K
 64/162 Test  #66: t_ucD_128K_8K ....................***Failed    0.36 sec
DEBUG: Listening for incoming connection... DEBUG: Connecting to 169.254.144.1:33297... done.
Exception in TCPConnection runner thread: TCPConnection::write() accepted less than advertised length
terminate called after throwing an instance of 'std::exception'
  what():  std::exception
/home/bc/cs144/sponge/txrx.sh: line 110:  7775 Aborted                 (core dumped) $3 $4 ${SERVER_PORT} > "$1" < "$2"
Error in _rt_connect

        Start  67: t_ucD_16_1
 65/162 Test  #67: t_ucD_16_1 .......................***Failed    0.44 sec
DEBUG: Listening for incoming connection... DEBUG: Connecting to 169.254.144.1:2024... done.
Exception in TCPConnection runner thread: TCPConnection::write() accepted less than advertised length
terminate called after throwing an instance of 'std::exception'
  what():  std::exception
/home/bc/cs144/sponge/txrx.sh: line 110:  7796 Aborted                 (core dumped) $3 $4 ${SERVER_PORT} > "$1" < "$2"
Error in _rt_connect

        Start  68: t_ucD_32K_d
 66/162 Test  #68: t_ucD_32K_d ......................***Failed    0.34 sec
DEBUG: Listening for incoming connection... DEBUG: Connecting to 169.254.144.1:13111... done.
Exception in TCPConnection runner thread: TCPConnection::write() accepted less than advertised length
terminate called after throwing an instance of 'std::exception'
  what():  std::exception
/home/bc/cs144/sponge/txrx.sh: line 110:  7821 Aborted                 (core dumped) $3 $4 ${SERVER_PORT} > "$1" < "$2"
Error in _rt_connect

        Start  69: t_usS_1M_32k
 67/162 Test  #69: t_usS_1M_32k .....................***Timeout  10.00 sec
DEBUG: Listening for incoming connection... DEBUG: Connecting to 169.254.144.1:9401... done.
DEBUG: Outbound stream to 169.254.144.1:9401 finished (0 bytes still in flight).
new connection from 169.254.144.1:38379.
Exception in TCPConnection runner thread: TCPConnection::write() accepted less than advertised length
terminate called after throwing an instance of 'std::exception'
  what():  std::exception

        Start  70: t_usS_128K_8K
 68/162 Test  #70: t_usS_128K_8K ....................***Timeout  10.01 sec
DEBUG: Listening for incoming connection... DEBUG: Connecting to 169.254.144.1:27643... done.
DEBUG: Outbound stream to 169.254.144.1:27643 finished (0 bytes still in flight).
new connection from 169.254.144.1:59734.
Exception in TCPConnection runner thread: TCPConnection::write() accepted less than advertised length
terminate called after throwing an instance of 'std::exception'
  what():  std::exception

        Start  71: t_usS_16_1
 69/162 Test  #71: t_usS_16_1 .......................***Timeout  10.00 sec
DEBUG: Listening for incoming connection... DEBUG: Connecting to 169.254.144.1:27641... done.
DEBUG: Outbound stream to 169.254.144.1:27641 finished (0 bytes still in flight).
new connection from 169.254.144.1:53502.
Exception in TCPConnection runner thread: TCPConnection::write() accepted less than advertised length
terminate called after throwing an instance of 'std::exception'
  what():  std::exception

        Start  72: t_usS_32K_d
 70/162 Test  #72: t_usS_32K_d ......................***Timeout  10.00 sec
DEBUG: Listening for incoming connection... DEBUG: Connecting to 169.254.144.1:28704... done.
DEBUG: Outbound stream to 169.254.144.1:28704 finished (0 bytes still in flight).
new connection from 169.254.144.1:33956.
Exception in TCPConnection runner thread: TCPConnection::write() accepted less than advertised length
terminate called after throwing an instance of 'std::exception'
  what():  std::exception

        Start  73: t_usR_1M_32k
 71/162 Test  #73: t_usR_1M_32k .....................***Failed    0.41 sec
DEBUG: Listening for incoming connection... DEBUG: Connecting to 169.254.144.1:6114... done.
new connection from 169.254.144.1:34672.
DEBUG: Outbound stream to 169.254.144.1:34672 finished (0 bytes still in flight).
Exception in TCPConnection runner thread: TCPConnection::write() accepted less than advertised length
terminate called after throwing an instance of 'std::exception'
  what():  std::exception
/home/bc/cs144/sponge/txrx.sh: line 110:  8069 Aborted                 (core dumped) $3 $4 ${SERVER_PORT} > "$1" < "$2"
Error in _rt_connect

        Start  74: t_usR_128K_8K
 72/162 Test  #74: t_usR_128K_8K ....................***Failed    0.38 sec
DEBUG: Listening for incoming connection... DEBUG: Connecting to 169.254.144.1:27428... done.
Exception in TCPConnection runner thread: TCPConnection::write() accepted less than advertised length
terminate called after throwing an instance of 'std::exception'
  what():  std::exception
/home/bc/cs144/sponge/txrx.sh: line 110:  8096 Aborted                 (core dumped) $3 $4 ${SERVER_PORT} > "$1" < "$2"
Error in _rt_connect

        Start  75: t_usR_16_1
 73/162 Test  #75: t_usR_16_1 .......................***Failed    0.32 sec
DEBUG: Listening for incoming connection... DEBUG: Connecting to 169.254.144.1:1961... done.
Exception in TCPConnection runner thread: TCPConnection::write() accepted less than advertised length
terminate called after throwing an instance of 'std::exception'
  what():  std::exception
/home/bc/cs144/sponge/txrx.sh: line 110:  8116 Aborted                 (core dumped) $3 $4 ${SERVER_PORT} > "$1" < "$2"
Error in _rt_connect

        Start  76: t_usR_32K_d
 74/162 Test  #76: t_usR_32K_d ......................***Failed    0.35 sec
DEBUG: Listening for incoming connection... DEBUG: Connecting to 169.254.144.1:26249... done.
Exception in TCPConnection runner thread: TCPConnection::write() accepted less than advertised length
terminate called after throwing an instance of 'std::exception'
  what():  std::exception
/home/bc/cs144/sponge/txrx.sh: line 110:  8134 Aborted                 (core dumped) $3 $4 ${SERVER_PORT} > "$1" < "$2"
Error in _rt_connect

        Start  77: t_usD_1M_32k
 75/162 Test  #77: t_usD_1M_32k .....................***Failed    0.55 sec
DEBUG: Listening for incoming connection... DEBUG: Connecting to 169.254.144.1:5279... done.
new connection from 169.254.144.1:48520.
Exception in TCPConnection runner thread: TCPConnection::write() accepted less than advertised length
terminate called after throwing an instance of 'std::exception'
  what():  std::exception
Exception in TCPConnection runner thread: TCPConnection::write() accepted less than advertised length
terminate called after throwing an instance of 'std::exception'
  what():  std::exception
/home/bc/cs144/sponge/txrx.sh: line 110:  8155 Aborted                 (core dumped) $3 $4 ${SERVER_PORT} > "$1" < "$2"
Error in _rt_connect

        Start  78: t_usD_128K_8K
 76/162 Test  #78: t_usD_128K_8K ....................***Failed    0.62 sec
DEBUG: Listening for incoming connection... DEBUG: Connecting to 169.254.144.1:6620... done.
new connection from 169.254.144.1:60261.
Exception in TCPConnection runner thread: TCPConnection::write() accepted less than advertised length
terminate called after throwing an instance of 'std::exception'
  what():  std::exception
Exception in TCPConnection runner thread: TCPConnection::write() accepted less than advertised length
terminate called after throwing an instance of 'std::exception'
  what():  std::exception
/home/bc/cs144/sponge/txrx.sh: line 110:  8176 Aborted                 (core dumped) coproc COPROC $3 -l $4 ${SERVER_PORT} > "$1" < "$2"
/home/bc/cs144/sponge/txrx.sh: line 110:  8178 Aborted                 (core dumped) $3 $4 ${SERVER_PORT} > "$1" < "$2"
Error in _rt_connect

        Start  79: t_usD_16_1
 77/162 Test  #79: t_usD_16_1 .......................***Failed    0.34 sec
DEBUG: Listening for incoming connection... DEBUG: Connecting to 169.254.144.1:6281... done.
Exception in TCPConnection runner thread: TCPConnection::write() accepted less than advertised length
terminate called after throwing an instance of 'std::exception'
  what():  std::exception
/home/bc/cs144/sponge/txrx.sh: line 110:  8207 Aborted                 (core dumped) $3 $4 ${SERVER_PORT} > "$1" < "$2"
Error in _rt_connect

        Start  80: t_usD_32K_d
 78/162 Test  #80: t_usD_32K_d ......................***Failed    0.32 sec
DEBUG: Listening for incoming connection... DEBUG: Connecting to 169.254.144.1:17650... done.
Exception in TCPConnection runner thread: TCPConnection::write() accepted less than advertised length
terminate called after throwing an instance of 'std::exception'
  what():  std::exception
/home/bc/cs144/sponge/txrx.sh: line 110:  8226 Aborted                 (core dumped) $3 $4 ${SERVER_PORT} > "$1" < "$2"
Error in _rt_connect

        Start  81: t_ucS_128K_8K_l
 79/162 Test  #81: t_ucS_128K_8K_l ..................***Failed    0.32 sec
DEBUG: Listening for incoming connection... DEBUG: Connecting to 169.254.144.1:10726... done.
Exception in TCPConnection runner thread: TCPConnection::write() accepted less than advertised length
terminate called after throwing an instance of 'std::exception'
  what():  std::exception
/home/bc/cs144/sponge/txrx.sh: line 110:  8246 Aborted                 (core dumped) $3 $4 ${SERVER_PORT} > "$1" < "$2"
Error in _rt_connect

        Start  82: t_ucS_128K_8K_L
 80/162 Test  #82: t_ucS_128K_8K_L ..................***Failed    0.33 sec
DEBUG: Listening for incoming connection... DEBUG: Connecting to 169.254.144.1:13951... done.
Exception in TCPConnection runner thread: TCPConnection::write() accepted less than advertised length
terminate called after throwing an instance of 'std::exception'
  what():  std::exception
/home/bc/cs144/sponge/txrx.sh: line 110:  8266 Aborted                 (core dumped) $3 $4 ${SERVER_PORT} > "$1" < "$2"
Error in _rt_connect

        Start  83: t_ucS_128K_8K_lL
 81/162 Test  #83: t_ucS_128K_8K_lL .................***Timeout  10.00 sec
DEBUG: Listening for incoming connection... DEBUG: Connecting to 169.254.144.1:8157... 

        Start  84: t_ucR_128K_8K_l
 82/162 Test  #84: t_ucR_128K_8K_l ..................***Timeout  10.00 sec
DEBUG: Listening for incoming connection... DEBUG: Connecting to 169.254.144.1:5445... done.
DEBUG: Outbound stream to 169.254.144.1:5445 finished (0 bytes still in flight).
new connection from 169.254.144.1:48672.
Exception in TCPConnection runner thread: TCPConnection::write() accepted less than advertised length
terminate called after throwing an instance of 'std::exception'
  what():  std::exception

        Start  85: t_ucR_128K_8K_L
CMakeFiles/check_lab4.dir/build.make:57: recipe for target 'CMakeFiles/check_lab4' failed
make[3]: *** [CMakeFiles/check_lab4] Interrupt
CMakeFiles/Makefile2:227: recipe for target 'CMakeFiles/check_lab4.dir/all' failed
make[2]: *** [CMakeFiles/check_lab4.dir/all] Interrupt
CMakeFiles/Makefile2:234: recipe for target 'CMakeFiles/check_lab4.dir/rule' failed
make[1]: *** [CMakeFiles/check_lab4.dir/rule] Interrupt
Makefile:194: recipe for target 'check_lab4' failed
make: *** [check_lab4] Interrupt
