[100%] Testing the TCP connection...
Test project /home/elon/cs144/sponge/build
        Start   1: t_wrapping_ints_cmp
  1/159 Test   #1: t_wrapping_ints_cmp ..............   Passed    0.00 sec
        Start   2: t_wrapping_ints_unwrap
  2/159 Test   #2: t_wrapping_ints_unwrap ...........   Passed    0.00 sec
        Start   3: t_wrapping_ints_wrap
  3/159 Test   #3: t_wrapping_ints_wrap .............   Passed    0.00 sec
        Start   4: t_recv_connect
  4/159 Test   #4: t_recv_connect ...................   Passed    0.00 sec
        Start   5: t_recv_transmit
  5/159 Test   #5: t_recv_transmit ..................   Passed    0.23 sec
        Start   6: t_recv_window
  6/159 Test   #6: t_recv_window ....................   Passed    0.00 sec
        Start   7: t_recv_reorder
  7/159 Test   #7: t_recv_reorder ...................   Passed    0.00 sec
        Start   8: t_recv_close
  8/159 Test   #8: t_recv_close .....................   Passed    0.00 sec
        Start   9: t_send_connect
  9/159 Test   #9: t_send_connect ...................   Passed    0.00 sec
        Start  10: t_send_transmit
 10/159 Test  #10: t_send_transmit ..................   Passed    0.21 sec
        Start  11: t_send_retx
 11/159 Test  #11: t_send_retx ......................   Passed    0.02 sec
        Start  12: t_send_window
 12/159 Test  #12: t_send_window ....................   Passed    0.22 sec
        Start  13: t_send_ack
 13/159 Test  #13: t_send_ack .......................   Passed    0.01 sec
        Start  14: t_send_close
 14/159 Test  #14: t_send_close .....................   Passed    0.01 sec
        Start  15: t_strm_reassem_single
 15/159 Test  #15: t_strm_reassem_single ............   Passed    0.01 sec
        Start  16: t_strm_reassem_seq
 16/159 Test  #16: t_strm_reassem_seq ...............   Passed    0.01 sec
        Start  17: t_strm_reassem_dup
 17/159 Test  #17: t_strm_reassem_dup ...............   Passed    0.02 sec
        Start  18: t_strm_reassem_holes
 18/159 Test  #18: t_strm_reassem_holes .............   Passed    0.01 sec
        Start  19: t_strm_reassem_many
 19/159 Test  #19: t_strm_reassem_many ..............   Passed    6.05 sec
        Start  20: t_strm_reassem_overlapping
 20/159 Test  #20: t_strm_reassem_overlapping .......   Passed    0.01 sec
        Start  21: t_strm_reassem_win
 21/159 Test  #21: t_strm_reassem_win ...............   Passed    5.47 sec
        Start  22: t_strm_reassem_cap
 22/159 Test  #22: t_strm_reassem_cap ...............   Passed    0.37 sec
        Start  23: t_byte_stream_construction
 23/159 Test  #23: t_byte_stream_construction .......   Passed    0.00 sec
        Start  24: t_byte_stream_one_write
 24/159 Test  #24: t_byte_stream_one_write ..........   Passed    0.00 sec
        Start  25: t_byte_stream_two_writes
 25/159 Test  #25: t_byte_stream_two_writes .........   Passed    0.00 sec
        Start  26: t_byte_stream_capacity
 26/159 Test  #26: t_byte_stream_capacity ...........   Passed    3.26 sec
        Start  27: t_byte_stream_many_writes
 27/159 Test  #27: t_byte_stream_many_writes ........   Passed    0.03 sec
        Start  28: t_webget
 28/159 Test  #28: t_webget .........................   Passed    0.67 sec
        Start  31: t_tcp_parser
 29/159 Test  #31: t_tcp_parser .....................   Passed    0.01 sec
        Start  32: t_ipv4_parser
 30/159 Test  #32: t_ipv4_parser ....................   Passed    0.02 sec
        Start  33: t_active_close
 31/159 Test  #33: t_active_close ...................   Passed    0.01 sec
        Start  34: t_passive_close
 32/159 Test  #34: t_passive_close ..................   Passed    0.00 sec
        Start  36: t_ack_rst
 33/159 Test  #36: t_ack_rst ........................   Passed    0.01 sec
        Start  38: t_ack_rst_win
 34/159 Test  #38: t_ack_rst_win ....................   Passed    0.00 sec
        Start  40: t_connect
 35/159 Test  #40: t_connect ........................   Passed    0.00 sec
        Start  42: t_listen
 36/159 Test  #42: t_listen .........................   Passed    0.00 sec
        Start  43: t_winsize
 37/159 Test  #43: t_winsize ........................***Failed    0.01 sec
Test Failure on expectation:
	Expectation: segment sent

Failure message:
	The TCP should have produces a segment, but did not

List of steps that executed successfully:
	Action:      listen
	Action:      packet arrives: Header(flags=S,seqno=166104385,ack=0,win=137) with no payload
	Expectation: exactly one segment sent with (A=1,ackno=166104386,win=20524,)
	Action:      packet arrives: Header(flags=A,seqno=166104386,ack=4035093072,win=31395) with no payload
	Expectation: no (more) segments sent
	Expectation: TCP in state sender=`stream ongoing`, receiver=`SYN received (ackno exists), and input to stream hasn't ended`, active=1, linger_after_streams_finish=1
	Action:      write (62790 bytes with 62790 accepted) [8b, 9d, a0, ff, 13, 23, 14, 18, e8, 46, 9c, 1d, c4, 82, 4a, a8, ...]
	Action:      1ms pass

Note:
	test 1 failed: nothing sent after write()

Warning: Unclean shutdown of TCPConnection
The TCP should have produces a segment, but did not

        Start  45: t_retx
 38/159 Test  #45: t_retx ...........................***Failed    0.00 sec
  check_segment
Test Failure on expectation:
	Expectation: segment sent with (A=1,payload_size=4,data="asdf",)

Failure message:
	The TCP should have produced a segment that existed, but it did not

List of steps that executed successfully:
	Action:      connect
	Expectation: exactly one segment sent with (A=0,R=0,S=1,F=0,seqno=1828826142,payload_size=0,)
	Action:      packet arrives: Header(flags=SA,seqno=1828826142,ack=1828826143,win=137) with no payload
	Expectation: exactly one segment sent with (A=1,R=0,S=0,F=0,ackno=1828826143,payload_size=0,)
	Action:      write (4 bytes) [61, 73, 64, 66]
	Action:      1ms pass

Warning: Unclean shutdown of TCPConnection
The TCP should have produced a segment that existed, but it did not (in check_segment called from line 36)

        Start  46: t_retx_win
 39/159 Test  #46: t_retx_win .......................***Failed    0.00 sec
Test Failure on expectation:
	Expectation: segment sent

Failure message:
	The TCP should have produces a segment, but did not

List of steps that executed successfully:
	Action:      connect
	Expectation: exactly one segment sent with (A=0,R=0,S=1,F=0,seqno=4239200779,payload_size=0,)
	Action:      packet arrives: Header(flags=SA,seqno=4239200779,ack=4239200780,win=137) with no payload
	Expectation: exactly one segment sent with (A=1,R=0,S=0,F=0,ackno=4239200780,payload_size=0,)
	Action:      write (4 bytes) [61, 73, 64, 66]
	Action:      1ms pass
	Action:      20ms pass
	Action:      write (4 bytes) [71, 77, 65, 72]
	Action:      1ms pass

Note:
	test 2 failed: cannot read after write()s

Warning: Unclean shutdown of TCPConnection
The TCP should have produces a segment, but did not

        Start  47: t_loopback
 40/159 Test  #47: t_loopback .......................***Failed    0.01 sec
Test Failure on expectation:
	Expectation: TCP has 511 bytes in flight

Failure message:
	The TCP has `bytes_in_flight = 0`, but bytes_in_flight was expected to be `511`

List of steps that executed successfully:
	Action:      connect
	Expectation: exactly one segment sent with (A=0,R=0,S=1,F=0,seqno=4080748728,payload_size=0,)
	Action:      packet arrives: Header(flags=SA,seqno=4080748728,ack=4080748729,win=137) with no payload
	Expectation: exactly one segment sent with (A=1,R=0,S=0,F=0,ackno=4080748729,payload_size=0,)
	Action:      packet arrives: Header(flags=A,seqno=4080748729,ack=4080748729,win=65000) with no payload
	Action:      write (511 bytes) [b2, 1a, 3d, 33, cf, 23, e9, 6f, d3, 69, b8, 0, a, 9c, 3a, 6e, ...]
	Action:      1ms pass

Warning: Unclean shutdown of TCPConnection
The TCP has `bytes_in_flight = 0`, but bytes_in_flight was expected to be `511`

        Start  48: t_loopback_win
 41/159 Test  #48: t_loopback_win ...................***Failed    0.01 sec
Test Failure on expectation:
	Expectation: segment sent

Failure message:
	The TCP should have produces a segment, but did not

List of steps that executed successfully:
	Action:      connect
	Expectation: exactly one segment sent with (A=0,R=0,S=1,F=0,seqno=1439186565,payload_size=0,)
	Action:      packet arrives: Header(flags=SA,seqno=1439186565,ack=1439186566,win=137) with no payload
	Expectation: exactly one segment sent with (A=1,R=0,S=0,F=0,ackno=1439186566,payload_size=0,)
	Action:      packet arrives: Header(flags=A,seqno=1439186566,ack=1439186566,win=65000) with no payload
	Action:      write (7401 bytes) [c4, 21, fa, e5, 23, 91, bb, 3e, 84, 4f, 13, 1e, 11, 9c, 12, 14, ...]
	Action:      1ms pass

Note:
	test 2 failed: cannot read after write()

Warning: Unclean shutdown of TCPConnection
The TCP should have produces a segment, but did not

        Start  49: t_reorder
 42/159 Test  #49: t_reorder ........................   Passed    5.82 sec
        Start  50: t_address_dt
 43/159 Test  #50: t_address_dt .....................   Passed    0.01 sec
        Start  51: t_parser_dt
 44/159 Test  #51: t_parser_dt ......................   Passed    0.00 sec
        Start  52: t_socket_dt
 45/159 Test  #52: t_socket_dt ......................   Passed    0.01 sec
        Start  53: t_udp_client_send
 46/159 Test  #53: t_udp_client_send ................   Passed    0.26 sec
        Start  54: t_udp_server_send
 47/159 Test  #54: t_udp_server_send ................   Passed    0.25 sec
        Start  55: t_udp_client_recv
 48/159 Test  #55: t_udp_client_recv ................   Passed    0.25 sec
        Start  56: t_udp_server_recv
 49/159 Test  #56: t_udp_server_recv ................   Passed    0.25 sec
        Start  57: t_udp_client_dupl
 50/159 Test  #57: t_udp_client_dupl ................   Passed    0.25 sec
        Start  58: t_udp_server_dupl
 51/159 Test  #58: t_udp_server_dupl ................   Passed    0.25 sec
        Start  59: t_ucS_1M_32k
 52/159 Test  #59: t_ucS_1M_32k .....................***Timeout  10.01 sec
DEBUG: Listening for incoming connection... DEBUG: Connecting to 169.254.144.1:27444... done.
new connection from 169.254.144.1:44020.
DEBUG: Outbound stream to 169.254.144.1:44020 finished (1 byte still in flight).
DEBUG: Inbound stream from 169.254.144.1:27444 finished cleanly.
DEBUG: Outbound stream to 169.254.144.1:44020 has been fully acknowledged.

        Start  60: t_ucS_128K_8K
 53/159 Test  #60: t_ucS_128K_8K ....................***Timeout  10.02 sec
DEBUG: Listening for incoming connection... DEBUG: Connecting to 169.254.144.1:15833... done.
new connection from 169.254.144.1:60166.
DEBUG: Outbound stream to 169.254.144.1:60166 finished (1 byte still in flight).
DEBUG: Inbound stream from 169.254.144.1:15833 finished cleanly.
DEBUG: Outbound stream to 169.254.144.1:60166 has been fully acknowledged.
DEBUG: Waiting for clean shutdown... 

        Start  61: t_ucS_16_1
 54/159 Test  #61: t_ucS_16_1 .......................   Passed    0.27 sec
        Start  62: t_ucS_32K_d
 55/159 Test  #62: t_ucS_32K_d ......................***Timeout  10.01 sec
DEBUG: Listening for incoming connection... DEBUG: Connecting to 169.254.144.1:1841... done.
new connection from 169.254.144.1:33868.
DEBUG: Outbound stream to 169.254.144.1:33868 finished (1 byte still in flight).
DEBUG: Inbound stream from 169.254.144.1:1841 finished cleanly.
DEBUG: Outbound stream to 169.254.144.1:33868 has been fully acknowledged.
DEBUG: Outbound stream to 169.254.144.1:1841 finished (1001 bytes still in flight).
DEBUG: Inbound stream from 169.254.144.1:33868 finished cleanly.
DEBUG: Waiting for lingering segments (e.g. retransmissions of FIN) from peer...
DEBUG: Waiting for clean shutdown... DEBUG: Outbound stream to 169.254.144.1:1841 has been fully acknowledged.
DEBUG: Waiting for clean shutdown... DEBUG: TCP connection finished cleanly.
done.

        Start  63: t_ucR_1M_32k
 56/159 Test  #63: t_ucR_1M_32k .....................***Timeout  10.02 sec
DEBUG: Listening for incoming connection... DEBUG: Connecting to 169.254.144.1:5656... done.
DEBUG: Outbound stream to 169.254.144.1:5656 finished (1 byte still in flight).
new connection from 169.254.144.1:50557.
DEBUG: Inbound stream from 169.254.144.1:50557 finished cleanly.
DEBUG: Outbound stream to 169.254.144.1:5656 has been fully acknowledged.

        Start  64: t_ucR_128K_8K
 57/159 Test  #64: t_ucR_128K_8K ....................***Timeout  10.02 sec
DEBUG: Listening for incoming connection... DEBUG: Connecting to 169.254.144.1:22843... done.
DEBUG: Outbound stream to 169.254.144.1:22843 finished (1 byte still in flight).
new connection from 169.254.144.1:45476.
DEBUG: Inbound stream from 169.254.144.1:45476 finished cleanly.
DEBUG: Outbound stream to 169.254.144.1:22843 has been fully acknowledged.
DEBUG: Waiting for clean shutdown... 

        Start  65: t_ucR_16_1
 58/159 Test  #65: t_ucR_16_1 .......................   Passed    0.26 sec
        Start  66: t_ucR_32K_d
 59/159 Test  #66: t_ucR_32K_d ......................***Timeout  10.02 sec
DEBUG: Listening for incoming connection... DEBUG: Connecting to 169.254.144.1:10135... done.
DEBUG: Outbound stream to 169.254.144.1:10135 finished (1 byte still in flight).
new connection from 169.254.144.1:60498.
DEBUG: Inbound stream from 169.254.144.1:60498 finished cleanly.
DEBUG: Outbound stream to 169.254.144.1:10135 has been fully acknowledged.
DEBUG: Outbound stream to 169.254.144.1:60498 finished (1001 bytes still in flight).
DEBUG: Inbound stream from 169.254.144.1:10135 finished cleanly.
DEBUG: Waiting for lingering segments (e.g. retransmissions of FIN) from peer...
DEBUG: Waiting for clean shutdown... DEBUG: Outbound stream to 169.254.144.1:60498 has been fully acknowledged.
DEBUG: Waiting for clean shutdown... DEBUG: TCP connection finished cleanly.
done.

        Start  67: t_ucD_1M_32k
 60/159 Test  #67: t_ucD_1M_32k .....................***Timeout  10.01 sec
DEBUG: Listening for incoming connection... DEBUG: Connecting to 169.254.144.1:11440... done.
new connection from 169.254.144.1:36146.

        Start  68: t_ucD_128K_8K
 61/159 Test  #68: t_ucD_128K_8K ....................***Timeout  10.01 sec
DEBUG: Listening for incoming connection... DEBUG: Connecting to 169.254.144.1:30747... done.
new connection from 169.254.144.1:35353.

        Start  69: t_ucD_16_1
 62/159 Test  #69: t_ucD_16_1 .......................   Passed    0.27 sec
        Start  70: t_ucD_32K_d
 63/159 Test  #70: t_ucD_32K_d ......................***Timeout  10.02 sec
DEBUG: Listening for incoming connection... DEBUG: Connecting to 169.254.144.1:21911... done.
new connection from 169.254.144.1:36320.
DEBUG: Outbound stream to 169.254.144.1:36320 finished (1001 bytes still in flight).
DEBUG: Outbound stream to 169.254.144.1:21911 finished (32769 bytes still in flight).
DEBUG: Waiting for clean shutdown... DEBUG: Inbound stream from 169.254.144.1:21911 finished cleanly.
DEBUG: Outbound stream to 169.254.144.1:36320 has been fully acknowledged.
DEBUG: Waiting for clean shutdown... DEBUG: Inbound stream from 169.254.144.1:36320 finished cleanly.
DEBUG: Outbound stream to 169.254.144.1:21911 has been fully acknowledged.
DEBUG: TCP connection finished cleanly.
done.

        Start  71: t_usS_1M_32k
 64/159 Test  #71: t_usS_1M_32k .....................***Timeout  10.01 sec
DEBUG: Listening for incoming connection... DEBUG: Connecting to 169.254.144.1:8902... done.
DEBUG: Outbound stream to 169.254.144.1:8902 finished (1 byte still in flight).
new connection from 169.254.144.1:55656.
DEBUG: Inbound stream from 169.254.144.1:55656 finished cleanly.
DEBUG: Outbound stream to 169.254.144.1:8902 has been fully acknowledged.

        Start  72: t_usS_128K_8K
 65/159 Test  #72: t_usS_128K_8K ....................***Timeout  10.02 sec
DEBUG: Listening for incoming connection... DEBUG: Connecting to 169.254.144.1:14424... done.
DEBUG: Outbound stream to 169.254.144.1:14424 finished (1 byte still in flight).
new connection from 169.254.144.1:49052.
DEBUG: Inbound stream from 169.254.144.1:49052 finished cleanly.
DEBUG: Outbound stream to 169.254.144.1:14424 has been fully acknowledged.
DEBUG: Waiting for clean shutdown... 

        Start  73: t_usS_16_1
 66/159 Test  #73: t_usS_16_1 .......................   Passed    0.26 sec
        Start  74: t_usS_32K_d
 67/159 Test  #74: t_usS_32K_d ......................***Timeout  10.01 sec
DEBUG: Listening for incoming connection... DEBUG: Connecting to 169.254.144.1:33722... done.
DEBUG: Outbound stream to 169.254.144.1:33722 finished (1 byte still in flight).
new connection from 169.254.144.1:33084.
DEBUG: Inbound stream from 169.254.144.1:33084 finished cleanly.
DEBUG: Outbound stream to 169.254.144.1:33722 has been fully acknowledged.
DEBUG: Outbound stream to 169.254.144.1:33084 finished (1001 bytes still in flight).
DEBUG: Inbound stream from 169.254.144.1:33722 finished cleanly.
DEBUG: Waiting for lingering segments (e.g. retransmissions of FIN) from peer...
DEBUG: Waiting for clean shutdown... DEBUG: Waiting for clean shutdown... DEBUG: Outbound stream to 169.254.144.1:33084 has been fully acknowledged.
DEBUG: TCP connection finished cleanly.
done.

        Start  75: t_usR_1M_32k
 68/159 Test  #75: t_usR_1M_32k .....................***Timeout  10.01 sec
DEBUG: Listening for incoming connection... DEBUG: Connecting to 169.254.144.1:9961... done.
new connection from 169.254.144.1:56186.
DEBUG: Outbound stream to 169.254.144.1:56186 finished (1 byte still in flight).
DEBUG: Inbound stream from 169.254.144.1:9961 finished cleanly.
DEBUG: Outbound stream to 169.254.144.1:56186 has been fully acknowledged.

        Start  76: t_usR_128K_8K
 69/159 Test  #76: t_usR_128K_8K ....................***Timeout  10.02 sec
DEBUG: Listening for incoming connection... DEBUG: Connecting to 169.254.144.1:18447... done.
new connection from 169.254.144.1:54660.
DEBUG: Outbound stream to 169.254.144.1:54660 finished (1 byte still in flight).
DEBUG: Inbound stream from 169.254.144.1:18447 finished cleanly.
DEBUG: Outbound stream to 169.254.144.1:54660 has been fully acknowledged.
DEBUG: Waiting for clean shutdown... 

        Start  77: t_usR_16_1
 70/159 Test  #77: t_usR_16_1 .......................   Passed    0.27 sec
        Start  78: t_usR_32K_d
CMakeFiles/check_lab4.dir/build.make:57: recipe for target 'CMakeFiles/check_lab4' failed
make[3]: *** [CMakeFiles/check_lab4] Interrupt
CMakeFiles/Makefile2:131: recipe for target 'CMakeFiles/check_lab4.dir/all' failed
make[2]: *** [CMakeFiles/check_lab4.dir/all] Interrupt
CMakeFiles/Makefile2:138: recipe for target 'CMakeFiles/check_lab4.dir/rule' failed
make[1]: *** [CMakeFiles/check_lab4.dir/rule] Interrupt
Makefile:155: recipe for target 'check_lab4' failed
make: *** [check_lab4] Interrupt
