[100%] Testing the TCP connection...
Test project /home/cs144/cs144/sponge/build
        Start   1: t_wrapping_ints_cmp
  1/159 Test   #1: t_wrapping_ints_cmp ..............   Passed    0.00 sec
        Start   2: t_wrapping_ints_unwrap
  2/159 Test   #2: t_wrapping_ints_unwrap ...........   Passed    0.00 sec
        Start   3: t_wrapping_ints_wrap
  3/159 Test   #3: t_wrapping_ints_wrap .............   Passed    0.00 sec
        Start   4: t_recv_connect
  4/159 Test   #4: t_recv_connect ...................   Passed    0.00 sec
        Start   5: t_recv_transmit
  5/159 Test   #5: t_recv_transmit ..................   Passed    0.07 sec
        Start   6: t_recv_window
  6/159 Test   #6: t_recv_window ....................   Passed    0.00 sec
        Start   7: t_recv_reorder
  7/159 Test   #7: t_recv_reorder ...................   Passed    0.00 sec
        Start   8: t_recv_close
  8/159 Test   #8: t_recv_close .....................   Passed    0.00 sec
        Start   9: t_send_connect
  9/159 Test   #9: t_send_connect ...................   Passed    0.00 sec
        Start  10: t_send_transmit
 10/159 Test  #10: t_send_transmit ..................   Passed    0.05 sec
        Start  11: t_send_retx
 11/159 Test  #11: t_send_retx ......................   Passed    0.00 sec
        Start  12: t_send_window
 12/159 Test  #12: t_send_window ....................   Passed    0.03 sec
        Start  13: t_send_ack
 13/159 Test  #13: t_send_ack .......................   Passed    0.00 sec
        Start  14: t_send_close
 14/159 Test  #14: t_send_close .....................   Passed    0.00 sec
        Start  15: t_strm_reassem_single
 15/159 Test  #15: t_strm_reassem_single ............   Passed    0.00 sec
        Start  16: t_strm_reassem_seq
 16/159 Test  #16: t_strm_reassem_seq ...............   Passed    0.00 sec
        Start  17: t_strm_reassem_dup
 17/159 Test  #17: t_strm_reassem_dup ...............   Passed    0.01 sec
        Start  18: t_strm_reassem_holes
 18/159 Test  #18: t_strm_reassem_holes .............   Passed    0.00 sec
        Start  19: t_strm_reassem_many
 19/159 Test  #19: t_strm_reassem_many ..............   Passed    0.18 sec
        Start  20: t_strm_reassem_overlapping
 20/159 Test  #20: t_strm_reassem_overlapping .......   Passed    0.00 sec
        Start  21: t_strm_reassem_win
 21/159 Test  #21: t_strm_reassem_win ...............   Passed    0.17 sec
        Start  22: t_strm_reassem_cap
 22/159 Test  #22: t_strm_reassem_cap ...............   Passed    0.11 sec
        Start  23: t_byte_stream_construction
 23/159 Test  #23: t_byte_stream_construction .......   Passed    0.00 sec
        Start  24: t_byte_stream_one_write
 24/159 Test  #24: t_byte_stream_one_write ..........   Passed    0.00 sec
        Start  25: t_byte_stream_two_writes
 25/159 Test  #25: t_byte_stream_two_writes .........   Passed    0.00 sec
        Start  26: t_byte_stream_capacity
 26/159 Test  #26: t_byte_stream_capacity ...........   Passed    0.59 sec
        Start  27: t_byte_stream_many_writes
 27/159 Test  #27: t_byte_stream_many_writes ........   Passed    0.01 sec
        Start  28: t_webget
 28/159 Test  #28: t_webget .........................   Passed    6.34 sec
        Start  31: t_tcp_parser
 29/159 Test  #31: t_tcp_parser .....................   Passed    0.07 sec
        Start  32: t_ipv4_parser
 30/159 Test  #32: t_ipv4_parser ....................   Passed    0.02 sec
        Start  33: t_active_close
 31/159 Test  #33: t_active_close ...................   Passed    0.01 sec
        Start  34: t_passive_close
 32/159 Test  #34: t_passive_close ..................   Passed    0.00 sec
        Start  36: t_ack_rst
 33/159 Test  #36: t_ack_rst ........................   Passed    0.01 sec
        Start  38: t_ack_rst_win
 34/159 Test  #38: t_ack_rst_win ....................   Passed    0.00 sec
        Start  40: t_connect
 35/159 Test  #40: t_connect ........................   Passed    0.00 sec
        Start  42: t_listen
 36/159 Test  #42: t_listen .........................   Passed    0.00 sec
        Start  43: t_winsize
 37/159 Test  #43: t_winsize ........................***Failed    0.01 sec
Test Failure on expectation:
	Expectation: segment sent

Failure message:
	The TCP should have produces a segment, but did not

List of steps that executed successfully:
	Action:      listen
	Action:      packet arrives: Header(flags=S,seqno=3911734448,ack=0,win=137) with no payload
	Expectation: exactly one segment sent with (A=1,ackno=3911734449,win=6005,)
	Action:      packet arrives: Header(flags=A,seqno=3911734449,ack=3518841268,win=22456) with no payload
	Expectation: no (more) segments sent
	Expectation: TCP in state sender=`stream ongoing`, receiver=`SYN received (ackno exists), and input to stream hasn't ended`, active=1, linger_after_streams_finish=1
	Action:      write (89824 bytes with 89824 accepted) [7b, 58, 84, 3a, 93, b7, 86, d4, a8, 7e, 85, 8, 83, 8b, ce, ae, ...]
	Action:      1ms pass
	Expectation: segment sent
	Expectation: segment sent with (A=1,ackno=3911734449,win=6005,)
	Expectation: segment sent with (A=1,ackno=3911734449,win=6005,)
	Expectation: segment sent with (A=1,ackno=3911734449,win=6005,)
	Expectation: segment sent with (A=1,ackno=3911734449,win=6005,)
	Expectation: segment sent with (A=1,ackno=3911734449,win=6005,)
	Expectation: segment sent with (A=1,ackno=3911734449,win=6005,)
	Expectation: segment sent with (A=1,ackno=3911734449,win=6005,)
	Expectation: segment sent with (A=1,ackno=3911734449,win=6005,)
	Expectation: segment sent with (A=1,ackno=3911734449,win=6005,)
	Expectation: segment sent with (A=1,ackno=3911734449,win=6005,)
	Expectation: segment sent with (A=1,ackno=3911734449,win=6005,)
	Expectation: segment sent with (A=1,ackno=3911734449,win=6005,)
	Expectation: segment sent with (A=1,ackno=3911734449,win=6005,)
	Expectation: segment sent with (A=1,ackno=3911734449,win=6005,)
	Expectation: segment sent with (A=1,ackno=3911734449,win=6005,)
	Expectation: segment sent with (A=1,ackno=3911734449,win=6005,)
	Expectation: segment sent with (A=1,ackno=3911734449,win=6005,)
	Expectation: segment sent with (A=1,ackno=3911734449,win=6005,)
	Expectation: segment sent with (A=1,ackno=3911734449,win=6005,)
	Expectation: segment sent with (A=1,ackno=3911734449,win=6005,)
	Expectation: segment sent with (A=1,ackno=3911734449,win=6005,)
	Expectation: segment sent with (A=1,ackno=3911734449,win=6005,)
	Expectation: segment sent with (A=1,ackno=3911734449,win=6005,)
	Expectation: TCP has 22456 bytes in flight
	Action:      packet arrives: Header(flags=A,seqno=3911734449,ack=3518863724,win=22456) with no payload
	Action:      1ms pass

Note:
	test 1 failed: nothing sent after write()

Warning: Unclean shutdown of TCPConnection
The TCP should have produces a segment, but did not

        Start  45: t_retx
 38/159 Test  #45: t_retx ...........................   Passed    0.00 sec
        Start  46: t_retx_win
 39/159 Test  #46: t_retx_win .......................   Passed    0.01 sec
        Start  47: t_loopback
 40/159 Test  #47: t_loopback .......................   Passed    0.32 sec
        Start  48: t_loopback_win
 41/159 Test  #48: t_loopback_win ...................   Passed    0.19 sec
        Start  49: t_reorder
 42/159 Test  #49: t_reorder ........................   Passed    0.28 sec
        Start  50: t_address_dt
 43/159 Test  #50: t_address_dt .....................   Passed    5.05 sec
        Start  51: t_parser_dt
 44/159 Test  #51: t_parser_dt ......................   Passed    0.01 sec
        Start  52: t_socket_dt
 45/159 Test  #52: t_socket_dt ......................   Passed    0.01 sec
        Start  53: t_udp_client_send
 46/159 Test  #53: t_udp_client_send ................   Passed    0.40 sec
        Start  54: t_udp_server_send
 47/159 Test  #54: t_udp_server_send ................   Passed    0.25 sec
        Start  55: t_udp_client_recv
 48/159 Test  #55: t_udp_client_recv ................   Passed    0.25 sec
        Start  56: t_udp_server_recv
 49/159 Test  #56: t_udp_server_recv ................   Passed    0.25 sec
        Start  57: t_udp_client_dupl
 50/159 Test  #57: t_udp_client_dupl ................   Passed    0.25 sec
        Start  58: t_udp_server_dupl
 51/159 Test  #58: t_udp_server_dupl ................   Passed    0.25 sec
        Start  59: t_ucS_1M_32k
 52/159 Test  #59: t_ucS_1M_32k .....................***Timeout  10.02 sec
DEBUG: Listening for incoming connection...
DEBUG: Connecting to 169.254.144.1:26207...
Successfully connected to 169.254.144.1:26207.
New connection from 169.254.144.1:50791.
DEBUG: Outbound stream to 169.254.144.1:50791 finished (1 byte still in flight).
DEBUG: Inbound stream from 169.254.144.1:26207 finished cleanly.
DEBUG: Outbound stream to 169.254.144.1:50791 has been fully acknowledged.

        Start  60: t_ucS_128K_8K
 53/159 Test  #60: t_ucS_128K_8K ....................***Timeout  10.01 sec
DEBUG: Listening for incoming connection...
DEBUG: Connecting to 169.254.144.1:12340...
Successfully connected to 169.254.144.1:12340.
New connection from 169.254.144.1:55819.
DEBUG: Outbound stream to 169.254.144.1:55819 finished (1 byte still in flight).
DEBUG: Waiting for clean shutdown... DEBUG: Inbound stream from 169.254.144.1:12340 finished cleanly.
DEBUG: Outbound stream to 169.254.144.1:55819 has been fully acknowledged.

        Start  61: t_ucS_16_1
 54/159 Test  #61: t_ucS_16_1 .......................***Timeout  10.01 sec
DEBUG: Listening for incoming connection...
DEBUG: Connecting to 169.254.144.1:13979...
Successfully connected to 169.254.144.1:13979.
New connection from 169.254.144.1:49412.
DEBUG: Outbound stream to 169.254.144.1:13979 finished (1 byte still in flight).
DEBUG: Outbound stream to 169.254.144.1:49412 finished (1 byte still in flight).
DEBUG: Outbound stream to 169.254.144.1:13979 has been fully acknowledged.
DEBUG: Waiting for clean shutdown... DEBUG: Inbound stream from 169.254.144.1:13979 finished cleanly.
DEBUG: Outbound stream to 169.254.144.1:49412 has been fully acknowledged.

        Start  62: t_ucS_32K_d
 55/159 Test  #62: t_ucS_32K_d ......................   Passed    0.27 sec
        Start  63: t_ucR_1M_32k
 56/159 Test  #63: t_ucR_1M_32k .....................***Failed    0.24 sec
DEBUG: Listening for incoming connection...
DEBUG: Connecting to 169.254.144.1:28980...
Successfully connected to 169.254.144.1:28980.
DEBUG: Outbound stream to 169.254.144.1:28980 finished (1 byte still in flight).
New connection from 169.254.144.1:45832.
DEBUG: Inbound stream from 169.254.144.1:45832 finished cleanly.
DEBUG: Outbound stream to 169.254.144.1:28980 has been fully acknowledged.
DEBUG: Waiting for clean shutdown... DEBUG: Outbound stream to 169.254.144.1:45832 finished (1014577 bytes still in flight).
DEBUG: Inbound stream from 169.254.144.1:28980 finished cleanly.
DEBUG: Waiting for lingering segments (e.g. retransmissions of FIN) from peer...
DEBUG: Waiting for clean shutdown... Error in _rt_connect

        Start  64: t_ucR_128K_8K
 57/159 Test  #64: t_ucR_128K_8K ....................***Timeout  10.01 sec
DEBUG: Listening for incoming connection...
DEBUG: Connecting to 169.254.144.1:16319...
Successfully connected to 169.254.144.1:16319.
DEBUG: Outbound stream to 169.254.144.1:16319 finished (1 byte still in flight).
New connection from 169.254.144.1:57803.
DEBUG: Waiting for clean shutdown... DEBUG: Inbound stream from 169.254.144.1:57803 finished cleanly.
DEBUG: Outbound stream to 169.254.144.1:16319 has been fully acknowledged.

        Start  65: t_ucR_16_1
 58/159 Test  #65: t_ucR_16_1 .......................***Timeout  10.01 sec
DEBUG: Listening for incoming connection...
DEBUG: Connecting to 169.254.144.1:19029...
Successfully connected to 169.254.144.1:19029.
DEBUG: Outbound stream to 169.254.144.1:19029 finished (1 byte still in flight).
New connection from 169.254.144.1:39071.
DEBUG: Outbound stream to 169.254.144.1:39071 finished (1 byte still in flight).
DEBUG: Waiting for clean shutdown... DEBUG: Inbound stream from 169.254.144.1:39071 finished cleanly.
DEBUG: Outbound stream to 169.254.144.1:19029 has been fully acknowledged.
DEBUG: Outbound stream to 169.254.144.1:39071 has been fully acknowledged.

        Start  66: t_ucR_32K_d
 59/159 Test  #66: t_ucR_32K_d ......................   Passed    0.27 sec
        Start  67: t_ucD_1M_32k
CMakeFiles/check_lab4.dir/build.make:57: recipe for target 'CMakeFiles/check_lab4' failed
make[3]: *** [CMakeFiles/check_lab4] Interrupt
CMakeFiles/Makefile2:131: recipe for target 'CMakeFiles/check_lab4.dir/all' failed
make[2]: *** [CMakeFiles/check_lab4.dir/all] Interrupt
CMakeFiles/Makefile2:138: recipe for target 'CMakeFiles/check_lab4.dir/rule' failed
make[1]: *** [CMakeFiles/check_lab4.dir/rule] Interrupt
Makefile:155: recipe for target 'check_lab4' failed
make: *** [check_lab4] Interrupt
