Scanning dependencies of target check_lab4
[100%] Testing the TCP connection...
[../tun.sh] Bringing up tunnels 144 145:
iptables: No chain/target/match by that name.
iptables: No chain/target/match by that name.
iptables: No chain/target/match by that name.
iptables: No chain/target/match by that name.
Test project /mnt/i/DIY/CS144/sponge/build
        Start   1: t_wrapping_ints_cmp
  1/159 Test   #1: t_wrapping_ints_cmp ..............   Passed    0.02 sec
        Start   2: t_wrapping_ints_unwrap
  2/159 Test   #2: t_wrapping_ints_unwrap ...........   Passed    0.02 sec
        Start   3: t_wrapping_ints_wrap
  3/159 Test   #3: t_wrapping_ints_wrap .............   Passed    0.02 sec
        Start   4: t_recv_connect
  4/159 Test   #4: t_recv_connect ...................   Passed    0.04 sec
        Start   5: t_recv_transmit
  5/159 Test   #5: t_recv_transmit ..................   Passed    0.31 sec
        Start   6: t_recv_window
  6/159 Test   #6: t_recv_window ....................   Passed    0.04 sec
        Start   7: t_recv_reorder
  7/159 Test   #7: t_recv_reorder ...................   Passed    0.04 sec
        Start   8: t_recv_close
  8/159 Test   #8: t_recv_close .....................   Passed    0.03 sec
        Start   9: t_send_connect
  9/159 Test   #9: t_send_connect ...................   Passed    0.03 sec
        Start  10: t_send_transmit
 10/159 Test  #10: t_send_transmit ..................   Passed    0.30 sec
        Start  11: t_send_retx
 11/159 Test  #11: t_send_retx ......................   Passed    0.04 sec
        Start  12: t_send_window
 12/159 Test  #12: t_send_window ....................   Passed    0.18 sec
        Start  13: t_send_ack
 13/159 Test  #13: t_send_ack .......................   Passed    0.05 sec
        Start  14: t_send_close
 14/159 Test  #14: t_send_close .....................   Passed    0.05 sec
        Start  15: t_strm_reassem_single
 15/159 Test  #15: t_strm_reassem_single ............   Passed    0.03 sec
        Start  16: t_strm_reassem_seq
 16/159 Test  #16: t_strm_reassem_seq ...............   Passed    0.02 sec
        Start  17: t_strm_reassem_dup
 17/159 Test  #17: t_strm_reassem_dup ...............   Passed    0.04 sec
        Start  18: t_strm_reassem_holes
 18/159 Test  #18: t_strm_reassem_holes .............   Passed    0.02 sec
        Start  19: t_strm_reassem_many
 19/159 Test  #19: t_strm_reassem_many ..............   Passed    6.36 sec
        Start  20: t_strm_reassem_overlapping
 20/159 Test  #20: t_strm_reassem_overlapping .......   Passed    0.03 sec
        Start  21: t_strm_reassem_win
 21/159 Test  #21: t_strm_reassem_win ...............   Passed    5.55 sec
        Start  22: t_strm_reassem_cap
 22/159 Test  #22: t_strm_reassem_cap ...............   Passed    0.39 sec
        Start  23: t_byte_stream_construction
 23/159 Test  #23: t_byte_stream_construction .......   Passed    0.02 sec
        Start  24: t_byte_stream_one_write
 24/159 Test  #24: t_byte_stream_one_write ..........   Passed    0.02 sec
        Start  25: t_byte_stream_two_writes
 25/159 Test  #25: t_byte_stream_two_writes .........   Passed    0.02 sec
        Start  26: t_byte_stream_capacity
 26/159 Test  #26: t_byte_stream_capacity ...........   Passed    4.42 sec
        Start  27: t_byte_stream_many_writes
 27/159 Test  #27: t_byte_stream_many_writes ........   Passed    0.09 sec
        Start  28: t_webget
 28/159 Test  #28: t_webget .........................   Passed    3.30 sec
        Start  31: t_tcp_parser
 29/159 Test  #31: t_tcp_parser .....................   Passed    0.09 sec
        Start  32: t_ipv4_parser
 30/159 Test  #32: t_ipv4_parser ....................   Passed    0.08 sec
        Start  33: t_active_close
 31/159 Test  #33: t_active_close ...................***Failed    0.07 sec
TCP source port: 0
TCP dest port: 0
TCP seqno: 2
TCP ackno: 2
TCP doff: 5
Flags: urg: false ack: true psh: false rst: false syn: false fin: true
TCP winsize: fa00
TCP cksum: 0
TCP uptr: 0

TCP source port: 0
TCP dest port: 0
TCP seqno: 1
TCP ackno: 2
TCP doff: 5
Flags: urg: false ack: true psh: false rst: false syn: false fin: true
TCP winsize: fa00
TCP cksum: 0
TCP uptr: 0

Test Failure on expectation:
	Expectation: TCP in state sender=`stream finished and fully acknowledged`, receiver=`input to stream has ended`, active=1, linger_after_streams_finish=1

Failure message:
	The TCP was in state `sender=`stream finished and fully acknowledged`, receiver=`input to stream has ended`, active=0, linger_after_streams_finish=0`, but it was expected to be in state `sender=`stream finished and fully acknowledged`, receiver=`input to stream has ended`, active=1, linger_after_streams_finish=1`

List of steps that executed successfully:
	Action:      connect
	Expectation: exactly one segment sent with (A=0,R=0,S=1,F=0,seqno=0,payload_size=0,)
	Action:      packet arrives: Header(flags=SA,seqno=0,ack=1,win=137) with no payload
	Expectation: exactly one segment sent with (A=1,R=0,S=0,F=0,ackno=1,payload_size=0,)
	Action:      close
	Expectation: exactly one segment sent with (A=1,R=0,S=0,F=1,ackno=1,seqno=1,)
	Action:      packet arrives: Header(flags=AF,seqno=1,ack=1,win=137) with no payload
	Expectation: exactly one segment sent with (A=1,R=0,S=0,F=0,ackno=2,)
	Action:      4000ms pass
	Expectation: exactly one segment sent with (F=1,)
	Expectation: TCP in state sender=`stream finished (FIN sent) but not fully acknowledged`, receiver=`input to stream has ended`, active=1, linger_after_streams_finish=1
	Action:      packet arrives: Header(flags=A,seqno=2,ack=2,win=137) with no payload
	Expectation: no (more) segments sent
	Expectation: TCP in state sender=`stream finished and fully acknowledged`, receiver=`input to stream has ended`, active=1, linger_after_streams_finish=1
	Action:      9999ms pass

The TCP was in state `sender=`stream finished and fully acknowledged`, receiver=`input to stream has ended`, active=0, linger_after_streams_finish=0`, but it was expected to be in state `sender=`stream finished and fully acknowledged`, receiver=`input to stream has ended`, active=1, linger_after_streams_finish=1`

        Start  34: t_passive_close
 32/159 Test  #34: t_passive_close ..................   Passed    0.05 sec
        Start  36: t_ack_rst
 33/159 Test  #36: t_ack_rst ........................***Failed    0.18 sec
Test 1
Test Failure on expectation:
	Expectation: TCP has 0 unassembled bytes

Failure message:
	The TCP has `unassembled_bytes = 1`, but unassembled_bytes was expected to be `0`

List of steps that executed successfully:
	Action:      connect
	Expectation: exactly one segment sent with (A=0,R=0,S=1,F=0,seqno=2147483647,payload_size=0,)
	Action:      packet arrives: Header(flags=SA,seqno=2147483647,ack=2147483648,win=137) with no payload
	Expectation: exactly one segment sent with (A=1,R=0,S=0,F=0,ackno=2147483648,payload_size=0,)
	Action:      packet arrives: Header(flags=A,seqno=2147483648,ack=2147483648,win=137) with no payload
	Expectation: no (more) segments sent
	Action:      packet arrives: Header(flags=A,seqno=2147483648,ack=2147483647,win=137) with no payload
	Expectation: no (more) segments sent
	Action:      packet arrives: Header(flags=A,seqno=2147483647,ack=2147483648,win=137) with 1 data bytes "<1>"

Note:
	test 1 failed: seg queued on early seqno

Warning: Unclean shutdown of TCPConnection
The TCP has `unassembled_bytes = 1`, but unassembled_bytes was expected to be `0`

        Start  38: t_ack_rst_win
 34/159 Test  #38: t_ack_rst_win ....................***Failed    0.05 sec
Test Failure on expectation:
	Expectation: TCP has 0 unassembled bytes

Failure message:
	The TCP has `unassembled_bytes = 1`, but unassembled_bytes was expected to be `0`

List of steps that executed successfully:
	Action:      connect
	Expectation: exactly one segment sent with (A=0,R=0,S=1,F=0,seqno=2147483647,payload_size=0,)
	Action:      packet arrives: Header(flags=SA,seqno=2147483647,ack=2147483648,win=137) with no payload
	Expectation: exactly one segment sent with (A=1,R=0,S=0,F=0,ackno=2147483648,payload_size=0,)
	Action:      packet arrives: Header(flags=A,seqno=2147483648,ack=2147483648,win=137) with no payload
	Expectation: no (more) segments sent
	Action:      packet arrives: Header(flags=A,seqno=2147483648,ack=2147483647,win=137) with no payload
	Expectation: no (more) segments sent
	Action:      packet arrives: Header(flags=A,seqno=2147483647,ack=2147483648,win=137) with 1 data bytes "<1>"

Note:
	test 1 failed: seg queued on early seqno

Warning: Unclean shutdown of TCPConnection
The TCP has `unassembled_bytes = 1`, but unassembled_bytes was expected to be `0`

        Start  40: t_connect
 35/159 Test  #40: t_connect ........................   Passed    0.13 sec
        Start  42: t_listen
 36/159 Test  #42: t_listen .........................   Passed    0.05 sec
        Start  43: t_winsize
 37/159 Test  #43: t_winsize ........................***Failed    0.06 sec
Test Failure on expectation:
	Expectation: segment sent

Failure message:
	The TCP should have produces a segment, but did not

List of steps that executed successfully:
	Action:      listen
	Action:      packet arrives: Header(flags=S,seqno=3767160865,ack=0,win=137) with no payload
	Expectation: exactly one segment sent with (A=1,ackno=3767160866,win=29074,)
	Action:      packet arrives: Header(flags=A,seqno=3767160866,ack=3235533642,win=21543) with no payload
	Expectation: no (more) segments sent
	Expectation: TCP in state sender=`stream ongoing`, receiver=`SYN received (ackno exists), and input to stream hasn't ended`, active=1, linger_after_streams_finish=1
	Action:      write (86172 bytes with 86172 accepted) [84, cb, d3, 6b, 7b, 25, 94, ef, 21, d, 94, 69, 71, a9, 1e, 67, ...]
	Action:      1ms pass

Note:
	test 1 failed: nothing sent after write()

Warning: Unclean shutdown of TCPConnection
The TCP should have produces a segment, but did not

        Start  45: t_retx
 38/159 Test  #45: t_retx ...........................***Failed    0.04 sec
  check_segment
Test Failure on expectation:
	Expectation: segment sent with (A=1,payload_size=4,data="asdf",)

Failure message:
	The TCP should have produced a segment that existed, but it did not

List of steps that executed successfully:
	Action:      connect
	Expectation: exactly one segment sent with (A=0,R=0,S=1,F=0,seqno=333143843,payload_size=0,)
	Action:      packet arrives: Header(flags=SA,seqno=333143843,ack=333143844,win=137) with no payload
	Expectation: exactly one segment sent with (A=1,R=0,S=0,F=0,ackno=333143844,payload_size=0,)
	Action:      write (4 bytes) [61, 73, 64, 66]
	Action:      1ms pass

Warning: Unclean shutdown of TCPConnection
The TCP should have produced a segment that existed, but it did not (in check_segment called from line 36)

        Start  46: t_retx_win
 39/159 Test  #46: t_retx_win .......................***Failed    0.04 sec
Test Failure on expectation:
	Expectation: segment sent

Failure message:
	The TCP should have produces a segment, but did not

List of steps that executed successfully:
	Action:      connect
	Expectation: exactly one segment sent with (A=0,R=0,S=1,F=0,seqno=1242987493,payload_size=0,)
	Action:      packet arrives: Header(flags=SA,seqno=1242987493,ack=1242987494,win=137) with no payload
	Expectation: exactly one segment sent with (A=1,R=0,S=0,F=0,ackno=1242987494,payload_size=0,)
	Action:      write (4 bytes) [61, 73, 64, 66]
	Action:      1ms pass
	Action:      20ms pass
	Action:      write (4 bytes) [71, 77, 65, 72]
	Action:      1ms pass

Note:
	test 2 failed: cannot read after write()s

Warning: Unclean shutdown of TCPConnection
The TCP should have produces a segment, but did not

        Start  47: t_loopback
 40/159 Test  #47: t_loopback .......................***Failed    0.05 sec
Test Failure on expectation:
	Expectation: TCP has 6150 bytes in flight

Failure message:
	The TCP has `bytes_in_flight = 0`, but bytes_in_flight was expected to be `6150`

List of steps that executed successfully:
	Action:      connect
	Expectation: exactly one segment sent with (A=0,R=0,S=1,F=0,seqno=1659100934,payload_size=0,)
	Action:      packet arrives: Header(flags=SA,seqno=1659100934,ack=1659100935,win=137) with no payload
	Expectation: exactly one segment sent with (A=1,R=0,S=0,F=0,ackno=1659100935,payload_size=0,)
	Action:      packet arrives: Header(flags=A,seqno=1659100935,ack=1659100935,win=65000) with no payload
	Action:      write (6150 bytes) [9, d0, 9d, 48, 87, c5, 21, 4e, 53, f, f7, 4e, 5, 27, 57, 93, ...]
	Action:      1ms pass

Warning: Unclean shutdown of TCPConnection
The TCP has `bytes_in_flight = 0`, but bytes_in_flight was expected to be `6150`

        Start  48: t_loopback_win
 41/159 Test  #48: t_loopback_win ...................***Failed    0.05 sec
Test Failure on expectation:
	Expectation: segment sent

Failure message:
	The TCP should have produces a segment, but did not

List of steps that executed successfully:
	Action:      connect
	Expectation: exactly one segment sent with (A=0,R=0,S=1,F=0,seqno=532627204,payload_size=0,)
	Action:      packet arrives: Header(flags=SA,seqno=532627204,ack=532627205,win=137) with no payload
	Expectation: exactly one segment sent with (A=1,R=0,S=0,F=0,ackno=532627205,payload_size=0,)
	Action:      packet arrives: Header(flags=A,seqno=532627205,ack=532627205,win=65000) with no payload
	Action:      write (1021 bytes) [f3, 35, 8a, d9, a1, 27, bf, 69, e7, 64, 10, f7, ad, 57, 2c, c4, ...]
	Action:      1ms pass

Note:
	test 2 failed: cannot read after write()

Warning: Unclean shutdown of TCPConnection
The TCP should have produces a segment, but did not

        Start  49: t_reorder
 42/159 Test  #49: t_reorder ........................***Failed    0.05 sec
Test Failure on expectation:
	segment sent with (A=1,)
Failure message:
	The TCP should have produced a segment that existed, but it did not

List of steps that executed successfully:
	Action:      connect
	Expectation: exactly one segment sent with (A=0,R=0,S=1,F=0,seqno=1604223052,payload_size=0,)
	Action:      packet arrives: Header(flags=SA,seqno=1672366433,ack=1604223053,win=137) with no payload
	Expectation: exactly one segment sent with (A=1,R=0,S=0,F=0,ackno=1672366434,payload_size=0,)
	Action:      packet arrives: Header(flags=A,seqno=1672372824,ack=1604223053,win=137) with 699 data bytes "&"<245>r<204>P<1><23><249><16><204><231><3>%2C..."

Note:
	test 1 failed: no ACK for datagram

Warning: Unclean shutdown of TCPConnection
The TCP should have produced a segment that existed, but it did not

        Start  50: t_address_dt
 43/159 Test  #50: t_address_dt .....................   Passed    0.03 sec
        Start  51: t_parser_dt
 44/159 Test  #51: t_parser_dt ......................   Passed    0.01 sec
        Start  52: t_socket_dt
 45/159 Test  #52: t_socket_dt ......................   Passed    0.03 sec
        Start  53: t_udp_client_send
 46/159 Test  #53: t_udp_client_send ................   Passed    0.42 sec
        Start  54: t_udp_server_send
 47/159 Test  #54: t_udp_server_send ................   Passed    0.28 sec
        Start  55: t_udp_client_recv
 48/159 Test  #55: t_udp_client_recv ................   Passed    0.30 sec
        Start  56: t_udp_server_recv
 49/159 Test  #56: t_udp_server_recv ................   Passed    0.30 sec
        Start  57: t_udp_client_dupl
 50/159 Test  #57: t_udp_client_dupl ................   Passed    0.30 sec
        Start  58: t_udp_server_dupl
 51/159 Test  #58: t_udp_server_dupl ................   Passed    0.33 sec
        Start  59: t_ucS_1M_32k
 52/159 Test  #59: t_ucS_1M_32k .....................***Timeout  10.01 sec
DEBUG: Listening for incoming connection... DEBUG: Connecting to 169.254.144.1:28898... done.
new connection from 169.254.144.1:60931.
DEBUG: Outbound stream to 169.254.144.1:60931 finished (1 byte still in flight).
DEBUG: Inbound stream from 169.254.144.1:28898 finished cleanly.
DEBUG: Outbound stream to 169.254.144.1:60931 has been fully acknowledged.

        Start  60: t_ucS_128K_8K
 53/159 Test  #60: t_ucS_128K_8K ....................***Timeout  10.00 sec
DEBUG: Listening for incoming connection... DEBUG: Connecting to 169.254.144.1:27228... done.
new connection from 169.254.144.1:55424.
DEBUG: Outbound stream to 169.254.144.1:55424 finished (1 byte still in flight).
DEBUG: Inbound stream from 169.254.144.1:27228 finished cleanly.
DEBUG: Outbound stream to 169.254.144.1:55424 has been fully acknowledged.
DEBUG: Waiting for clean shutdown... 

        Start  61: t_ucS_16_1
 54/159 Test  #61: t_ucS_16_1 .......................***Failed    0.42 sec
DEBUG: Listening for incoming connection... DEBUG: Connecting to 169.254.144.1:24911... done.
new connection from 169.254.144.1:54316.
DEBUG: Outbound stream to 169.254.144.1:54316 finished (1 byte still in flight).
DEBUG: Outbound stream to 169.254.144.1:24911 finished (1 byte still in flight).
DEBUG: Inbound stream from 169.254.144.1:24911 finished cleanly.
DEBUG: Waiting for clean shutdown... DEBUG: Outbound stream to 169.254.144.1:54316 has been fully acknowledged.
DEBUG: Inbound stream from 169.254.144.1:54316 finished cleanly.
DEBUG: Waiting for lingering segments (e.g. retransmissions of FIN) from peer...
DEBUG: Waiting for clean shutdown... DEBUG: TCP connection finished cleanly.
done.
DEBUG: TCP connection finished cleanly.
done.
ERROR: 1e782270dab5b1f86a4092112bc6d564d0ed88710c2e99016348177122978807 neq d10b36aa74a59bcf4a88185837f658afaf3646eff2bb16c3928d0e9335e945d2 or 

        Start  62: t_ucS_32K_d
 55/159 Test  #62: t_ucS_32K_d ......................***Failed    0.28 sec
DEBUG: Listening for incoming connection... DEBUG: Connecting to 169.254.144.1:21936... done.
new connection from 169.254.144.1:43479.
DEBUG: Outbound stream to 169.254.144.1:43479 finished (1 byte still in flight).
DEBUG: Inbound stream from 169.254.144.1:21936 finished cleanly.
DEBUG: Outbound stream to 169.254.144.1:43479 has been fully acknowledged.
DEBUG: Waiting for clean shutdown... DEBUG: Outbound stream to 169.254.144.1:21936 finished (1001 bytes still in flight).
DEBUG: Inbound stream from 169.254.144.1:43479 finished cleanly.
DEBUG: Waiting for lingering segments (e.g. retransmissions of FIN) from peer...
DEBUG: Outbound stream to 169.254.144.1:21936 has been fully acknowledged.
DEBUG: TCP connection finished cleanly.
done.
DEBUG: Waiting for clean shutdown... DEBUG: TCP connection finished cleanly.
done.
ERROR: c32fdd23d9854935d2b6feb9e8730dc426feeaf6af8bf80266e2401dccdf7cf5 neq 5e1e18917b2eac6cfaa9af614a3f720eefb64123ca2764492ef1c00cd9c52958 or 

        Start  63: t_ucR_1M_32k
 56/159 Test  #63: t_ucR_1M_32k .....................***Timeout  10.01 sec
DEBUG: Listening for incoming connection... DEBUG: Connecting to 169.254.144.1:3682... done.
new connection from 169.254.144.1:45359.
DEBUG: Outbound stream to 169.254.144.1:3682 finished (1 byte still in flight).
DEBUG: Inbound stream from 169.254.144.1:45359 finished cleanly.
DEBUG: Outbound stream to 169.254.144.1:3682 has been fully acknowledged.

CMakeFiles/check_lab4.dir/build.make:57: recipe for target 'CMakeFiles/check_lab4' failed
make[3]: *** [CMakeFiles/check_lab4] Interrupt
CMakeFiles/Makefile2:131: recipe for target 'CMakeFiles/check_lab4.dir/all' failed
make[2]: *** [CMakeFiles/check_lab4.dir/all] Interrupt
CMakeFiles/Makefile2:138: recipe for target 'CMakeFiles/check_lab4.dir/rule' failed
make[1]: *** [CMakeFiles/check_lab4.dir/rule] Interrupt
Makefile:155: recipe for target 'check_lab4' failed
make: *** [check_lab4] Interrupt
