Scanning dependencies of target check_webget
[100%] Testing webget...
Test project /mnt/i/DIY/CS144 计算机网络/sponge/build
    Start 31: t_webget
1/1 Test #31: t_webget .........................***Not Run   0.00 sec

0% tests passed, 1 tests failed out of 1

Total Test time (real) =   0.09 sec

The following tests FAILED:
	 31 - t_webget (BAD_COMMAND)
Errors while running CTest
CMakeFiles/check_webget.dir/build.make:57: recipe for target 'CMakeFiles/check_webget' failed
make[3]: *** [CMakeFiles/check_webget] Error 8
CMakeFiles/Makefile2:195: recipe for target 'CMakeFiles/check_webget.dir/all' failed
make[2]: *** [CMakeFiles/check_webget.dir/all] Error 2
CMakeFiles/Makefile2:202: recipe for target 'CMakeFiles/check_webget.dir/rule' failed
make[1]: *** [CMakeFiles/check_webget.dir/rule] Error 2
Makefile:181: recipe for target 'check_webget' failed
make: *** [check_webget] Error 2
