[100%] Testing Lab 0...
Test project /root/cs144/sponge/build
    Start 23: t_byte_stream_construction
1/9 Test #23: t_byte_stream_construction .......***Failed    0.00 sec
Test Failure on expectation:
	Expectation: eof: 0

Failure message:
	The ByteStream should have had eof equal to 0 but instead it was 1

List of steps that executed successfully:
	Initialized with (capacity=15)
	Expectation: input_ended: 0
	Expectation: buffer_empty: 1

Exception: The test "construction" failed

    Start 24: t_byte_stream_one_write
2/9 Test #24: t_byte_stream_one_write ..........***Failed    0.00 sec
Test Failure on expectation:
	Expectation: eof: 0

Failure message:
	The ByteStream should have had eof equal to 0 but instead it was 1

List of steps that executed successfully:
	Initialized with (capacity=15)
	     Action: write "cat" to the stream
	Expectation: input_ended: 0
	Expectation: buffer_empty: 0
	Expectation: eof: 0
	Expectation: bytes_read: 0
	Expectation: bytes_written: 3
	Expectation: remaining_capacity: 12
	Expectation: buffer_size: 3
	Expectation: "cat" at the front of the stream
	     Action: pop 3
	Expectation: input_ended: 0
	Expectation: buffer_empty: 1

Exception: The test "write-pop-end" failed

    Start 25: t_byte_stream_two_writes
3/9 Test #25: t_byte_stream_two_writes .........***Failed    0.00 sec
Test Failure on expectation:
	Expectation: bytes_read: 2

Failure message:
	The ByteStream should have had bytes_read equal to 2 but instead it was 0

List of steps that executed successfully:
	Initialized with (capacity=15)
	     Action: write "cat" to the stream
	Expectation: input_ended: 0
	Expectation: buffer_empty: 0
	Expectation: eof: 0
	Expectation: bytes_read: 0
	Expectation: bytes_written: 3
	Expectation: remaining_capacity: 12
	Expectation: buffer_size: 3
	Expectation: "cat" at the front of the stream
	     Action: write "tac" to the stream
	Expectation: input_ended: 0
	Expectation: buffer_empty: 0
	Expectation: eof: 0
	Expectation: bytes_read: 0
	Expectation: bytes_written: 6
	Expectation: remaining_capacity: 9
	Expectation: buffer_size: 6
	Expectation: "cattac" at the front of the stream
	     Action: end input
	Expectation: input_ended: 1
	Expectation: buffer_empty: 0
	Expectation: eof: 0
	Expectation: bytes_read: 0
	Expectation: bytes_written: 6
	Expectation: remaining_capacity: 9
	Expectation: buffer_size: 6
	Expectation: "cattac" at the front of the stream
	     Action: pop 2
	Expectation: input_ended: 1
	Expectation: buffer_empty: 0
	Expectation: eof: 0

Exception: The test "write-write-end-pop-pop" failed

    Start 26: t_byte_stream_capacity
4/9 Test #26: t_byte_stream_capacity ...........***Failed    0.00 sec
Test Failure on expectation:
	Expectation: "ca" at the front of the stream

Exception:
	basic_string::_M_construct null not valid

List of steps that executed successfully:
	Initialized with (capacity=2)
	     Action: write "cat" to the stream
	Expectation: input_ended: 0
	Expectation: buffer_empty: 0
	Expectation: eof: 0
	Expectation: bytes_read: 0
	Expectation: bytes_written: 2
	Expectation: remaining_capacity: 0
	Expectation: buffer_size: 2

Exception: The test "overwrite" caused your implementation to throw an exception!

    Start 27: t_byte_stream_many_writes
5/9 Test #27: t_byte_stream_many_writes ........   Passed    0.01 sec
    Start 28: t_webget
6/9 Test #28: t_webget .........................   Passed    9.09 sec
    Start 50: t_address_dt
7/9 Test #50: t_address_dt .....................   Passed    0.02 sec
    Start 51: t_parser_dt
8/9 Test #51: t_parser_dt ......................   Passed    0.00 sec
    Start 52: t_socket_dt
9/9 Test #52: t_socket_dt ......................   Passed    0.00 sec

56% tests passed, 4 tests failed out of 9

Total Test time (real) =   9.14 sec

The following tests FAILED:
	 23 - t_byte_stream_construction (Failed)
	 24 - t_byte_stream_one_write (Failed)
	 25 - t_byte_stream_two_writes (Failed)
	 26 - t_byte_stream_capacity (Failed)
Errors while running CTest
make[3]: *** [CMakeFiles/check_lab0.dir/build.make:77: CMakeFiles/check_lab0] Error 8
make[2]: *** [CMakeFiles/Makefile2:335: CMakeFiles/check_lab0.dir/all] Error 2
make[1]: *** [CMakeFiles/Makefile2:342: CMakeFiles/check_lab0.dir/rule] Error 2
make: *** [Makefile:187: check_lab0] Error 2
